<?xml version="1.0" encoding="UTF-8"?>
<coverage generated="1770996488466" clover="3.2.0">
  <project timestamp="1770996488467" name="All files">
    <metrics statements="67" coveredstatements="67" conditionals="120" coveredconditionals="120" methods="24" coveredmethods="24" elements="211" coveredelements="211" complexity="0" loc="67" ncloc="67" packages="2" files="3" classes="3"/>
    <package name="components">
      <metrics statements="27" coveredstatements="27" conditionals="74" coveredconditionals="74" methods="19" coveredmethods="19"/>
      <file name="UserForm.vue" path="/Users/youenvalun/Documents/Ynov-ModuleTest/my-app/src/components/UserForm.vue">
        <metrics statements="27" coveredstatements="27" conditionals="74" coveredconditionals="74" methods="19" coveredmethods="19"/>
        <line num="4" count="1" type="stmt"/>
        <line num="7" count="1" type="stmt"/>
        <line num="262" count="1" type="stmt"/>
        <line num="265" count="1" type="stmt"/>
        <line num="266" count="1" type="stmt"/>
        <line num="267" count="1" type="stmt"/>
        <line num="268" count="1" type="stmt"/>
        <line num="274" count="208" type="stmt"/>
        <line num="283" count="33" type="stmt"/>
        <line num="286" count="33" type="stmt"/>
        <line num="289" count="7" type="stmt"/>
        <line num="302" count="35" type="stmt"/>
        <line num="305" count="35" type="stmt"/>
        <line num="308" count="7" type="stmt"/>
        <line num="321" count="73" type="stmt"/>
        <line num="324" count="73" type="stmt"/>
        <line num="327" count="8" type="stmt"/>
        <line num="341" count="3" type="stmt"/>
        <line num="344" count="3" type="stmt"/>
        <line num="347" count="7" type="stmt"/>
        <line num="360" count="34" type="stmt"/>
        <line num="363" count="34" type="stmt"/>
        <line num="366" count="8" type="stmt"/>
        <line num="379" count="10" type="stmt"/>
        <line num="382" count="10" type="stmt"/>
        <line num="385" count="6" type="stmt"/>
        <line num="397" count="1" type="stmt"/>
      </file>
    </package>
    <package name="validators">
      <metrics statements="40" coveredstatements="40" conditionals="46" coveredconditionals="46" methods="5" coveredmethods="5"/>
      <file name="module.js" path="/Users/youenvalun/Documents/Ynov-ModuleTest/my-app/src/validators/module.js">
        <metrics statements="5" coveredstatements="5" conditionals="2" coveredconditionals="2" methods="1" coveredmethods="1"/>
        <line num="9" count="49" type="cond" truecount="2" falsecount="0"/>
        <line num="10" count="3" type="stmt"/>
        <line num="13" count="46" type="stmt"/>
        <line num="14" count="32" type="stmt"/>
        <line num="15" count="32" type="stmt"/>
      </file>
      <file name="validator.js" path="/Users/youenvalun/Documents/Ynov-ModuleTest/my-app/src/validators/validator.js">
        <metrics statements="35" coveredstatements="35" conditionals="44" coveredconditionals="44" methods="4" coveredmethods="4"/>
        <line num="12" count="31" type="stmt"/>
        <line num="14" count="31" type="cond" truecount="2" falsecount="0"/>
        <line num="15" count="12" type="stmt"/>
        <line num="18" count="19" type="stmt"/>
        <line num="29" count="207" type="cond" truecount="5" falsecount="0"/>
        <line num="30" count="134" type="stmt"/>
        <line num="32" count="73" type="cond" truecount="2" falsecount="0"/>
        <line num="33" count="1" type="stmt"/>
        <line num="35" count="72" type="cond" truecount="2" falsecount="0"/>
        <line num="36" count="57" type="stmt"/>
        <line num="38" count="15" type="stmt"/>
        <line num="50" count="208" type="cond" truecount="5" falsecount="0"/>
        <line num="51" count="89" type="stmt"/>
        <line num="53" count="119" type="cond" truecount="2" falsecount="0"/>
        <line num="54" count="2" type="stmt"/>
        <line num="57" count="117" type="stmt"/>
        <line num="58" count="117" type="cond" truecount="2" falsecount="0"/>
        <line num="59" count="75" type="stmt"/>
        <line num="61" count="42" type="stmt"/>
        <line num="75" count="214" type="cond" truecount="4" falsecount="0"/>
        <line num="76" count="2" type="stmt"/>
        <line num="78" count="212" type="cond" truecount="4" falsecount="0"/>
        <line num="79" count="4" type="stmt"/>
        <line num="82" count="208" type="stmt"/>
        <line num="84" count="208" type="cond" truecount="4" falsecount="0"/>
        <line num="85" count="92" type="stmt"/>
        <line num="87" count="116" type="cond" truecount="4" falsecount="0"/>
        <line num="88" count="2" type="stmt"/>
        <line num="91" count="114" type="cond" truecount="2" falsecount="0"/>
        <line num="92" count="114" type="cond" truecount="2" falsecount="0"/>
        <line num="93" count="6" type="stmt"/>
        <line num="95" count="108" type="stmt"/>
        <line num="97" count="108" type="cond" truecount="4" falsecount="0"/>
        <line num="98" count="5" type="stmt"/>
        <line num="101" count="103" type="stmt"/>
      </file>
    </package>
  </project>
</coverage>
