{"/Users/youenvalun/Documents/Ynov-ModuleTest/my-app/src/stores/users.js": {"path":"/Users/youenvalun/Documents/Ynov-ModuleTest/my-app/src/stores/users.js","statementMap":{"0":{"start":{"line":4,"column":29},"end":{"line":67,"column":2}},"1":{"start":{"line":5,"column":16},"end":{"line":9,"column":3}},"2":{"start":{"line":11,"column":26},"end":{"line":11,"column":44}},"3":{"start":{"line":12,"column":25},"end":{"line":12,"column":36}},"4":{"start":{"line":16,"column":6},"end":{"line":16,"column":26}},"5":{"start":{"line":17,"column":6},"end":{"line":17,"column":24}},"6":{"start":{"line":19,"column":6},"end":{"line":28,"column":7}},"7":{"start":{"line":20,"column":25},"end":{"line":22,"column":9}},"8":{"start":{"line":23,"column":8},"end":{"line":23,"column":32}},"9":{"start":{"line":25,"column":8},"end":{"line":25,"column":66}},"10":{"start":{"line":27,"column":8},"end":{"line":27,"column":29}},"11":{"start":{"line":32,"column":27},"end":{"line":32,"column":73}},"12":{"start":{"line":32,"column":50},"end":{"line":32,"column":72}},"13":{"start":{"line":33,"column":6},"end":{"line":36,"column":7}},"14":{"start":{"line":34,"column":8},"end":{"line":34,"column":42}},"15":{"start":{"line":35,"column":8},"end":{"line":35,"column":36}},"16":{"start":{"line":38,"column":6},"end":{"line":38,"column":24}},"17":{"start":{"line":40,"column":6},"end":{"line":40,"column":28}},"18":{"start":{"line":42,"column":6},"end":{"line":60,"column":7}},"19":{"start":{"line":43,"column":8},"end":{"line":43,"column":77}},"20":{"start":{"line":45,"column":23},"end":{"line":45,"column":46}},"21":{"start":{"line":46,"column":27},"end":{"line":46,"column":57}},"22":{"start":{"line":48,"column":8},"end":{"line":51,"column":9}},"23":{"start":{"line":49,"column":10},"end":{"line":49,"column":34}},"24":{"start":{"line":50,"column":10},"end":{"line":50,"column":38}},"25":{"start":{"line":53,"column":8},"end":{"line":56,"column":9}},"26":{"start":{"line":54,"column":10},"end":{"line":54,"column":66}},"27":{"start":{"line":55,"column":10},"end":{"line":55,"column":38}},"28":{"start":{"line":58,"column":8},"end":{"line":58,"column":66}},"29":{"start":{"line":59,"column":8},"end":{"line":59,"column":36}},"30":{"start":{"line":64,"column":6},"end":{"line":64,"column":24}}},"fnMap":{"0":{"name":"(anonymous_0)","decl":{"start":{"line":5,"column":9},"end":{"line":5,"column":10}},"loc":{"start":{"line":5,"column":16},"end":{"line":9,"column":3}},"line":5},"1":{"name":"(anonymous_1)","decl":{"start":{"line":11,"column":15},"end":{"line":11,"column":16}},"loc":{"start":{"line":11,"column":26},"end":{"line":11,"column":44}},"line":11},"2":{"name":"(anonymous_2)","decl":{"start":{"line":12,"column":14},"end":{"line":12,"column":15}},"loc":{"start":{"line":12,"column":25},"end":{"line":12,"column":36}},"line":12},"3":{"name":"(anonymous_3)","decl":{"start":{"line":15,"column":4},"end":{"line":15,"column":5}},"loc":{"start":{"line":15,"column":23},"end":{"line":29,"column":5}},"line":15},"4":{"name":"(anonymous_4)","decl":{"start":{"line":31,"column":4},"end":{"line":31,"column":5}},"loc":{"start":{"line":31,"column":24},"end":{"line":61,"column":5}},"line":31},"5":{"name":"(anonymous_5)","decl":{"start":{"line":32,"column":43},"end":{"line":32,"column":44}},"loc":{"start":{"line":32,"column":50},"end":{"line":32,"column":72}},"line":32},"6":{"name":"(anonymous_6)","decl":{"start":{"line":63,"column":4},"end":{"line":63,"column":5}},"loc":{"start":{"line":63,"column":17},"end":{"line":65,"column":5}},"line":63}},"branchMap":{"0":{"loc":{"start":{"line":23,"column":21},"end":{"line":23,"column":31}},"type":"binary-expr","locations":[{"start":{"line":23,"column":21},"end":{"line":23,"column":25}},{"start":{"line":23,"column":29},"end":{"line":23,"column":31}}],"line":23},"1":{"loc":{"start":{"line":33,"column":6},"end":{"line":36,"column":7}},"type":"if","locations":[{"start":{"line":33,"column":6},"end":{"line":36,"column":7}},{"start":{},"end":{}}],"line":33},"2":{"loc":{"start":{"line":48,"column":8},"end":{"line":51,"column":9}},"type":"if","locations":[{"start":{"line":48,"column":8},"end":{"line":51,"column":9}},{"start":{},"end":{}}],"line":48},"3":{"loc":{"start":{"line":48,"column":12},"end":{"line":48,"column":40}},"type":"binary-expr","locations":[{"start":{"line":48,"column":12},"end":{"line":48,"column":26}},{"start":{"line":48,"column":30},"end":{"line":48,"column":40}}],"line":48},"4":{"loc":{"start":{"line":53,"column":8},"end":{"line":56,"column":9}},"type":"if","locations":[{"start":{"line":53,"column":8},"end":{"line":56,"column":9}},{"start":{},"end":{}}],"line":53}},"s":{"0":1,"1":23,"2":12,"3":11,"4":3,"5":3,"6":3,"7":3,"8":2,"9":1,"10":3,"11":12,"12":4,"13":12,"14":4,"15":4,"16":8,"17":8,"18":8,"19":8,"20":3,"21":3,"22":3,"23":1,"24":1,"25":2,"26":1,"27":1,"28":1,"29":1,"30":2},"f":{"0":23,"1":12,"2":11,"3":3,"4":12,"5":4,"6":2},"b":{"0":[2,1],"1":[4,8],"2":[1,2],"3":[3,1],"4":[1,1]},"_coverageSchema":"1a1c01bbd47fc00a2c39e90264f33305004495a9","hash":"1a71037870f478998a8f5fefa13b58fbec07926a"}
,"/Users/youenvalun/Documents/Ynov-ModuleTest/my-app/src/validators/module.js": {"path":"/Users/youenvalun/Documents/Ynov-ModuleTest/my-app/src/validators/module.js","statementMap":{"0":{"start":{"line":9,"column":2},"end":{"line":11,"column":3}},"1":{"start":{"line":10,"column":4},"end":{"line":10,"column":43}},"2":{"start":{"line":13,"column":17},"end":{"line":13,"column":57}},"3":{"start":{"line":14,"column":12},"end":{"line":14,"column":54}},"4":{"start":{"line":15,"column":2},"end":{"line":15,"column":13}}},"fnMap":{"0":{"name":"calculateAge","decl":{"start":{"line":8,"column":16},"end":{"line":8,"column":28}},"loc":{"start":{"line":8,"column":32},"end":{"line":16,"column":1}},"line":8}},"branchMap":{"0":{"loc":{"start":{"line":9,"column":2},"end":{"line":11,"column":3}},"type":"if","locations":[{"start":{"line":9,"column":2},"end":{"line":11,"column":3}},{"start":{},"end":{}}],"line":9}},"s":{"0":93,"1":3,"2":90,"3":76,"4":76},"f":{"0":93},"b":{"0":[3,90]},"_coverageSchema":"1a1c01bbd47fc00a2c39e90264f33305004495a9","hash":"972ed83aecf69da6f328f1a3cd0f1ce2994ef031"}
,"/Users/youenvalun/Documents/Ynov-ModuleTest/my-app/src/validators/validator.js": {"path":"/Users/youenvalun/Documents/Ynov-ModuleTest/my-app/src/validators/validator.js","statementMap":{"0":{"start":{"line":12,"column":14},"end":{"line":12,"column":34}},"1":{"start":{"line":14,"column":2},"end":{"line":16,"column":3}},"2":{"start":{"line":15,"column":4},"end":{"line":15,"column":31}},"3":{"start":{"line":18,"column":2},"end":{"line":18,"column":13}},"4":{"start":{"line":29,"column":2},"end":{"line":31,"column":3}},"5":{"start":{"line":30,"column":4},"end":{"line":30,"column":36}},"6":{"start":{"line":32,"column":2},"end":{"line":34,"column":3}},"7":{"start":{"line":33,"column":4},"end":{"line":33,"column":43}},"8":{"start":{"line":35,"column":2},"end":{"line":37,"column":3}},"9":{"start":{"line":36,"column":4},"end":{"line":36,"column":45}},"10":{"start":{"line":38,"column":2},"end":{"line":38,"column":20}},"11":{"start":{"line":50,"column":2},"end":{"line":52,"column":3}},"12":{"start":{"line":51,"column":4},"end":{"line":51,"column":41}},"13":{"start":{"line":53,"column":2},"end":{"line":55,"column":3}},"14":{"start":{"line":54,"column":4},"end":{"line":54,"column":46}},"15":{"start":{"line":57,"column":13},"end":{"line":57,"column":41}},"16":{"start":{"line":58,"column":2},"end":{"line":60,"column":3}},"17":{"start":{"line":59,"column":4},"end":{"line":59,"column":44}},"18":{"start":{"line":61,"column":2},"end":{"line":61,"column":15}},"19":{"start":{"line":75,"column":2},"end":{"line":77,"column":3}},"20":{"start":{"line":76,"column":4},"end":{"line":76,"column":44}},"21":{"start":{"line":78,"column":2},"end":{"line":80,"column":3}},"22":{"start":{"line":79,"column":4},"end":{"line":79,"column":50}},"23":{"start":{"line":82,"column":34},"end":{"line":82,"column":42}},"24":{"start":{"line":84,"column":2},"end":{"line":86,"column":3}},"25":{"start":{"line":85,"column":4},"end":{"line":85,"column":46}},"26":{"start":{"line":87,"column":2},"end":{"line":89,"column":3}},"27":{"start":{"line":88,"column":4},"end":{"line":88,"column":45}},"28":{"start":{"line":90,"column":2},"end":{"line":92,"column":3}},"29":{"start":{"line":91,"column":4},"end":{"line":91,"column":58}},"30":{"start":{"line":94,"column":21},"end":{"line":94,"column":74}},"31":{"start":{"line":95,"column":2},"end":{"line":97,"column":3}},"32":{"start":{"line":96,"column":4},"end":{"line":96,"column":61}},"33":{"start":{"line":98,"column":17},"end":{"line":98,"column":67}},"34":{"start":{"line":100,"column":2},"end":{"line":102,"column":3}},"35":{"start":{"line":101,"column":4},"end":{"line":101,"column":47}},"36":{"start":{"line":104,"column":2},"end":{"line":104,"column":18}}},"fnMap":{"0":{"name":"validateAdult","decl":{"start":{"line":11,"column":16},"end":{"line":11,"column":29}},"loc":{"start":{"line":11,"column":38},"end":{"line":19,"column":1}},"line":11},"1":{"name":"validatePostalCode","decl":{"start":{"line":28,"column":16},"end":{"line":28,"column":34}},"loc":{"start":{"line":28,"column":47},"end":{"line":39,"column":1}},"line":28},"2":{"name":"validateEmail","decl":{"start":{"line":49,"column":16},"end":{"line":49,"column":29}},"loc":{"start":{"line":49,"column":37},"end":{"line":62,"column":1}},"line":49},"3":{"name":"validateIdentity","decl":{"start":{"line":74,"column":16},"end":{"line":74,"column":32}},"loc":{"start":{"line":74,"column":43},"end":{"line":105,"column":1}},"line":74}},"branchMap":{"0":{"loc":{"start":{"line":14,"column":2},"end":{"line":16,"column":3}},"type":"if","locations":[{"start":{"line":14,"column":2},"end":{"line":16,"column":3}},{"start":{},"end":{}}],"line":14},"1":{"loc":{"start":{"line":29,"column":2},"end":{"line":31,"column":3}},"type":"if","locations":[{"start":{"line":29,"column":2},"end":{"line":31,"column":3}},{"start":{},"end":{}}],"line":29},"2":{"loc":{"start":{"line":29,"column":6},"end":{"line":29,"column":74}},"type":"binary-expr","locations":[{"start":{"line":29,"column":6},"end":{"line":29,"column":25}},{"start":{"line":29,"column":29},"end":{"line":29,"column":53}},{"start":{"line":29,"column":57},"end":{"line":29,"column":74}}],"line":29},"3":{"loc":{"start":{"line":32,"column":2},"end":{"line":34,"column":3}},"type":"if","locations":[{"start":{"line":32,"column":2},"end":{"line":34,"column":3}},{"start":{},"end":{}}],"line":32},"4":{"loc":{"start":{"line":35,"column":2},"end":{"line":37,"column":3}},"type":"if","locations":[{"start":{"line":35,"column":2},"end":{"line":37,"column":3}},{"start":{},"end":{}}],"line":35},"5":{"loc":{"start":{"line":50,"column":2},"end":{"line":52,"column":3}},"type":"if","locations":[{"start":{"line":50,"column":2},"end":{"line":52,"column":3}},{"start":{},"end":{}}],"line":50},"6":{"loc":{"start":{"line":50,"column":6},"end":{"line":50,"column":59}},"type":"binary-expr","locations":[{"start":{"line":50,"column":6},"end":{"line":50,"column":20}},{"start":{"line":50,"column":24},"end":{"line":50,"column":43}},{"start":{"line":50,"column":47},"end":{"line":50,"column":59}}],"line":50},"7":{"loc":{"start":{"line":53,"column":2},"end":{"line":55,"column":3}},"type":"if","locations":[{"start":{"line":53,"column":2},"end":{"line":55,"column":3}},{"start":{},"end":{}}],"line":53},"8":{"loc":{"start":{"line":58,"column":2},"end":{"line":60,"column":3}},"type":"if","locations":[{"start":{"line":58,"column":2},"end":{"line":60,"column":3}},{"start":{},"end":{}}],"line":58},"9":{"loc":{"start":{"line":75,"column":2},"end":{"line":77,"column":3}},"type":"if","locations":[{"start":{"line":75,"column":2},"end":{"line":77,"column":3}},{"start":{},"end":{}}],"line":75},"10":{"loc":{"start":{"line":75,"column":6},"end":{"line":75,"column":49}},"type":"binary-expr","locations":[{"start":{"line":75,"column":6},"end":{"line":75,"column":23}},{"start":{"line":75,"column":27},"end":{"line":75,"column":49}}],"line":75},"11":{"loc":{"start":{"line":78,"column":2},"end":{"line":80,"column":3}},"type":"if","locations":[{"start":{"line":78,"column":2},"end":{"line":80,"column":3}},{"start":{},"end":{}}],"line":78},"12":{"loc":{"start":{"line":78,"column":6},"end":{"line":78,"column":61}},"type":"binary-expr","locations":[{"start":{"line":78,"column":6},"end":{"line":78,"column":34}},{"start":{"line":78,"column":38},"end":{"line":78,"column":61}}],"line":78},"13":{"loc":{"start":{"line":84,"column":2},"end":{"line":86,"column":3}},"type":"if","locations":[{"start":{"line":84,"column":2},"end":{"line":86,"column":3}},{"start":{},"end":{}}],"line":84},"14":{"loc":{"start":{"line":87,"column":2},"end":{"line":89,"column":3}},"type":"if","locations":[{"start":{"line":87,"column":2},"end":{"line":89,"column":3}},{"start":{},"end":{}}],"line":87},"15":{"loc":{"start":{"line":90,"column":2},"end":{"line":92,"column":3}},"type":"if","locations":[{"start":{"line":90,"column":2},"end":{"line":92,"column":3}},{"start":{},"end":{}}],"line":90},"16":{"loc":{"start":{"line":90,"column":6},"end":{"line":90,"column":67}},"type":"binary-expr","locations":[{"start":{"line":90,"column":6},"end":{"line":90,"column":35}},{"start":{"line":90,"column":39},"end":{"line":90,"column":67}}],"line":90},"17":{"loc":{"start":{"line":94,"column":21},"end":{"line":94,"column":74}},"type":"binary-expr","locations":[{"start":{"line":94,"column":21},"end":{"line":94,"column":46}},{"start":{"line":94,"column":50},"end":{"line":94,"column":74}}],"line":94},"18":{"loc":{"start":{"line":95,"column":2},"end":{"line":97,"column":3}},"type":"if","locations":[{"start":{"line":95,"column":2},"end":{"line":97,"column":3}},{"start":{},"end":{}}],"line":95},"19":{"loc":{"start":{"line":100,"column":2},"end":{"line":102,"column":3}},"type":"if","locations":[{"start":{"line":100,"column":2},"end":{"line":102,"column":3}},{"start":{},"end":{}}],"line":100},"20":{"loc":{"start":{"line":100,"column":6},"end":{"line":100,"column":55}},"type":"binary-expr","locations":[{"start":{"line":100,"column":6},"end":{"line":100,"column":29}},{"start":{"line":100,"column":33},"end":{"line":100,"column":55}}],"line":100}},"s":{"0":75,"1":75,"2":12,"3":63,"4":349,"5":236,"6":113,"7":1,"8":112,"9":73,"10":39,"11":350,"12":134,"13":216,"14":2,"15":214,"16":214,"17":116,"18":98,"19":356,"20":2,"21":354,"22":4,"23":350,"24":350,"25":101,"26":249,"27":16,"28":233,"29":2,"30":231,"31":231,"32":6,"33":225,"34":225,"35":5,"36":220},"f":{"0":75,"1":349,"2":350,"3":356},"b":{"0":[12,63],"1":[236,113],"2":[349,348,347],"3":[1,112],"4":[73,39],"5":[134,216],"6":[350,349,348],"7":[2,214],"8":[116,98],"9":[2,354],"10":[356,355],"11":[4,350],"12":[354,351],"13":[101,249],"14":[16,233],"15":[2,231],"16":[233,232],"17":[231,226],"18":[6,225],"19":[5,220],"20":[225,224]},"_coverageSchema":"1a1c01bbd47fc00a2c39e90264f33305004495a9","hash":"9d07db1ff494f28674c02a067e5514ffcde13e50"}
,"/Users/youenvalun/Documents/Ynov-ModuleTest/my-app/src/views/UserForm.vue": {"path":"/Users/youenvalun/Documents/Ynov-ModuleTest/my-app/src/views/UserForm.vue","statementMap":{"0":{"start":{"line":4,"column":0},"end":{"line":6,"column":3}},"1":{"start":{"line":7,"column":0},"end":{"line":7,"column":25}},"2":{"start":{"line":308,"column":0},"end":{"line":310,"column":3}},"3":{"start":{"line":311,"column":0},"end":{"line":311,"column":24}},"4":{"start":{"line":312,"column":11},"end":{"line":312,"column":25}},"5":{"start":{"line":313,"column":33},"end":{"line":313,"column":143}},"6":{"start":{"line":314,"column":32},"end":{"line":314,"column":188}},"7":{"start":{"line":315,"column":45},"end":{"line":315,"column":376}},"8":{"start":{"line":315,"column":54},"end":{"line":315,"column":111}},"9":{"start":{"line":315,"column":80},"end":{"line":315,"column":111}},"10":{"start":{"line":315,"column":120},"end":{"line":315,"column":152}},"11":{"start":{"line":315,"column":154},"end":{"line":315,"column":374}},"12":{"start":{"line":316,"column":31},"end":{"line":316,"column":143}},"13":{"start":{"line":316,"column":122},"end":{"line":316,"column":143}},"14":{"start":{"line":317,"column":33},"end":{"line":317,"column":83}},"15":{"start":{"line":317,"column":55},"end":{"line":317,"column":83}},"16":{"start":{"line":318,"column":35},"end":{"line":318,"column":81}},"17":{"start":{"line":318,"column":82},"end":{"line":318,"column":136}},"18":{"start":{"line":318,"column":95},"end":{"line":318,"column":96}},"19":{"start":{"line":318,"column":102},"end":{"line":318,"column":110}},"20":{"start":{"line":318,"column":124},"end":{"line":318,"column":136}},"21":{"start":{"line":318,"column":137},"end":{"line":318,"column":146}},"22":{"start":{"line":319,"column":17},"end":{"line":321,"column":1}},"23":{"start":{"line":322,"column":17},"end":{"line":324,"column":1}},"24":{"start":{"line":325,"column":17},"end":{"line":330,"column":1}},"25":{"start":{"line":331,"column":17},"end":{"line":333,"column":1}},"26":{"start":{"line":334,"column":17},"end":{"line":339,"column":1}},"27":{"start":{"line":340,"column":17},"end":{"line":342,"column":1}},"28":{"start":{"line":343,"column":17},"end":{"line":348,"column":1}},"29":{"start":{"line":349,"column":17},"end":{"line":351,"column":1}},"30":{"start":{"line":352,"column":17},"end":{"line":357,"column":1}},"31":{"start":{"line":358,"column":18},"end":{"line":360,"column":1}},"32":{"start":{"line":361,"column":18},"end":{"line":366,"column":1}},"33":{"start":{"line":367,"column":18},"end":{"line":369,"column":1}},"34":{"start":{"line":370,"column":18},"end":{"line":375,"column":1}},"35":{"start":{"line":376,"column":18},"end":{"line":376,"column":30}},"36":{"start":{"line":377,"column":18},"end":{"line":381,"column":1}},"37":{"start":{"line":382,"column":18},"end":{"line":387,"column":1}},"38":{"start":{"line":389,"column":31},"end":{"line":389,"column":72}},"39":{"start":{"line":390,"column":2},"end":{"line":501,"column":34}},"40":{"start":{"line":402,"column":6},"end":{"line":402,"column":47}},"41":{"start":{"line":405,"column":6},"end":{"line":405,"column":45}},"42":{"start":{"line":408,"column":6},"end":{"line":408,"column":49}},"43":{"start":{"line":417,"column":6},"end":{"line":417,"column":48}},"44":{"start":{"line":420,"column":6},"end":{"line":420,"column":46}},"45":{"start":{"line":423,"column":6},"end":{"line":423,"column":50}},"46":{"start":{"line":432,"column":6},"end":{"line":432,"column":44}},"47":{"start":{"line":435,"column":6},"end":{"line":435,"column":42}},"48":{"start":{"line":438,"column":6},"end":{"line":438,"column":46}},"49":{"start":{"line":448,"column":6},"end":{"line":448,"column":48}},"50":{"start":{"line":451,"column":6},"end":{"line":451,"column":46}},"51":{"start":{"line":454,"column":6},"end":{"line":454,"column":50}},"52":{"start":{"line":463,"column":6},"end":{"line":463,"column":42}},"53":{"start":{"line":466,"column":6},"end":{"line":466,"column":40}},"54":{"start":{"line":469,"column":6},"end":{"line":469,"column":44}},"55":{"start":{"line":478,"column":6},"end":{"line":478,"column":43}},"56":{"start":{"line":481,"column":6},"end":{"line":481,"column":41}},"57":{"start":{"line":484,"column":6},"end":{"line":484,"column":45}},"58":{"start":{"line":498,"column":6},"end":{"line":498,"column":129}},"59":{"start":{"line":502,"column":2},"end":{"line":502,"column":49}}},"fnMap":{"0":{"name":"_toConsumableArray","decl":{"start":{"line":313,"column":9},"end":{"line":313,"column":27}},"loc":{"start":{"line":313,"column":31},"end":{"line":313,"column":145}},"line":313},"1":{"name":"_nonIterableSpread","decl":{"start":{"line":314,"column":9},"end":{"line":314,"column":27}},"loc":{"start":{"line":314,"column":30},"end":{"line":314,"column":190}},"line":314},"2":{"name":"_unsupportedIterableToArray","decl":{"start":{"line":315,"column":9},"end":{"line":315,"column":36}},"loc":{"start":{"line":315,"column":43},"end":{"line":315,"column":378}},"line":315},"3":{"name":"_iterableToArray","decl":{"start":{"line":316,"column":9},"end":{"line":316,"column":25}},"loc":{"start":{"line":316,"column":29},"end":{"line":316,"column":145}},"line":316},"4":{"name":"_arrayWithoutHoles","decl":{"start":{"line":317,"column":9},"end":{"line":317,"column":27}},"loc":{"start":{"line":317,"column":31},"end":{"line":317,"column":85}},"line":317},"5":{"name":"_arrayLikeToArray","decl":{"start":{"line":318,"column":9},"end":{"line":318,"column":26}},"loc":{"start":{"line":318,"column":33},"end":{"line":318,"column":148}},"line":318},"6":{"name":"render","decl":{"start":{"line":388,"column":9},"end":{"line":388,"column":15}},"loc":{"start":{"line":388,"column":63},"end":{"line":502,"column":1}},"line":388},"7":{"name":"(anonymous_7)","decl":{"start":{"line":401,"column":53},"end":{"line":401,"column":54}},"loc":{"start":{"line":401,"column":71},"end":{"line":403,"column":5}},"line":401},"8":{"name":"(anonymous_8)","decl":{"start":{"line":404,"column":39},"end":{"line":404,"column":40}},"loc":{"start":{"line":404,"column":57},"end":{"line":406,"column":5}},"line":404},"9":{"name":"(anonymous_9)","decl":{"start":{"line":407,"column":38},"end":{"line":407,"column":39}},"loc":{"start":{"line":407,"column":56},"end":{"line":409,"column":5}},"line":407},"10":{"name":"(anonymous_10)","decl":{"start":{"line":416,"column":53},"end":{"line":416,"column":54}},"loc":{"start":{"line":416,"column":71},"end":{"line":418,"column":5}},"line":416},"11":{"name":"(anonymous_11)","decl":{"start":{"line":419,"column":39},"end":{"line":419,"column":40}},"loc":{"start":{"line":419,"column":57},"end":{"line":421,"column":5}},"line":419},"12":{"name":"(anonymous_12)","decl":{"start":{"line":422,"column":38},"end":{"line":422,"column":39}},"loc":{"start":{"line":422,"column":56},"end":{"line":424,"column":5}},"line":422},"13":{"name":"(anonymous_13)","decl":{"start":{"line":431,"column":53},"end":{"line":431,"column":54}},"loc":{"start":{"line":431,"column":71},"end":{"line":433,"column":5}},"line":431},"14":{"name":"(anonymous_14)","decl":{"start":{"line":434,"column":39},"end":{"line":434,"column":40}},"loc":{"start":{"line":434,"column":57},"end":{"line":436,"column":5}},"line":434},"15":{"name":"(anonymous_15)","decl":{"start":{"line":437,"column":38},"end":{"line":437,"column":39}},"loc":{"start":{"line":437,"column":56},"end":{"line":439,"column":5}},"line":437},"16":{"name":"(anonymous_16)","decl":{"start":{"line":447,"column":53},"end":{"line":447,"column":54}},"loc":{"start":{"line":447,"column":71},"end":{"line":449,"column":5}},"line":447},"17":{"name":"(anonymous_17)","decl":{"start":{"line":450,"column":41},"end":{"line":450,"column":42}},"loc":{"start":{"line":450,"column":59},"end":{"line":452,"column":5}},"line":450},"18":{"name":"(anonymous_18)","decl":{"start":{"line":453,"column":40},"end":{"line":453,"column":41}},"loc":{"start":{"line":453,"column":58},"end":{"line":455,"column":5}},"line":453},"19":{"name":"(anonymous_19)","decl":{"start":{"line":462,"column":55},"end":{"line":462,"column":56}},"loc":{"start":{"line":462,"column":73},"end":{"line":464,"column":5}},"line":462},"20":{"name":"(anonymous_20)","decl":{"start":{"line":465,"column":41},"end":{"line":465,"column":42}},"loc":{"start":{"line":465,"column":59},"end":{"line":467,"column":5}},"line":465},"21":{"name":"(anonymous_21)","decl":{"start":{"line":468,"column":40},"end":{"line":468,"column":41}},"loc":{"start":{"line":468,"column":58},"end":{"line":470,"column":5}},"line":468},"22":{"name":"(anonymous_22)","decl":{"start":{"line":477,"column":55},"end":{"line":477,"column":56}},"loc":{"start":{"line":477,"column":73},"end":{"line":479,"column":5}},"line":477},"23":{"name":"(anonymous_23)","decl":{"start":{"line":480,"column":41},"end":{"line":480,"column":42}},"loc":{"start":{"line":480,"column":59},"end":{"line":482,"column":5}},"line":480},"24":{"name":"(anonymous_24)","decl":{"start":{"line":483,"column":40},"end":{"line":483,"column":41}},"loc":{"start":{"line":483,"column":58},"end":{"line":485,"column":5}},"line":483},"25":{"name":"(anonymous_25)","decl":{"start":{"line":497,"column":33},"end":{"line":497,"column":34}},"loc":{"start":{"line":497,"column":45},"end":{"line":499,"column":5}},"line":497}},"branchMap":{"0":{"loc":{"start":{"line":313,"column":40},"end":{"line":313,"column":142}},"type":"binary-expr","locations":[{"start":{"line":313,"column":40},"end":{"line":313,"column":61}},{"start":{"line":313,"column":65},"end":{"line":313,"column":84}},{"start":{"line":313,"column":88},"end":{"line":313,"column":118}},{"start":{"line":313,"column":122},"end":{"line":313,"column":142}}],"line":313},"1":{"loc":{"start":{"line":315,"column":45},"end":{"line":315,"column":376}},"type":"if","locations":[{"start":{"line":315,"column":45},"end":{"line":315,"column":376}},{"start":{},"end":{}}],"line":315},"2":{"loc":{"start":{"line":315,"column":54},"end":{"line":315,"column":111}},"type":"if","locations":[{"start":{"line":315,"column":54},"end":{"line":315,"column":111}},{"start":{},"end":{}}],"line":315},"3":{"loc":{"start":{"line":315,"column":161},"end":{"line":315,"column":220}},"type":"binary-expr","locations":[{"start":{"line":315,"column":161},"end":{"line":315,"column":175}},{"start":{"line":315,"column":179},"end":{"line":315,"column":192}},{"start":{"line":315,"column":197},"end":{"line":315,"column":219}}],"line":315},"4":{"loc":{"start":{"line":315,"column":222},"end":{"line":315,"column":373}},"type":"cond-expr","locations":[{"start":{"line":315,"column":251},"end":{"line":315,"column":264}},{"start":{"line":315,"column":267},"end":{"line":315,"column":373}}],"line":315},"5":{"loc":{"start":{"line":315,"column":222},"end":{"line":315,"column":248}},"type":"binary-expr","locations":[{"start":{"line":315,"column":222},"end":{"line":315,"column":233}},{"start":{"line":315,"column":237},"end":{"line":315,"column":248}}],"line":315},"6":{"loc":{"start":{"line":315,"column":267},"end":{"line":315,"column":373}},"type":"cond-expr","locations":[{"start":{"line":315,"column":341},"end":{"line":315,"column":364}},{"start":{"line":315,"column":367},"end":{"line":315,"column":373}}],"line":315},"7":{"loc":{"start":{"line":315,"column":267},"end":{"line":315,"column":338}},"type":"binary-expr","locations":[{"start":{"line":315,"column":267},"end":{"line":315,"column":284}},{"start":{"line":315,"column":288},"end":{"line":315,"column":338}}],"line":315},"8":{"loc":{"start":{"line":316,"column":31},"end":{"line":316,"column":143}},"type":"if","locations":[{"start":{"line":316,"column":31},"end":{"line":316,"column":143}},{"start":{},"end":{}}],"line":316},"9":{"loc":{"start":{"line":316,"column":35},"end":{"line":316,"column":120}},"type":"binary-expr","locations":[{"start":{"line":316,"column":35},"end":{"line":316,"column":63}},{"start":{"line":316,"column":67},"end":{"line":316,"column":93}},{"start":{"line":316,"column":97},"end":{"line":316,"column":120}}],"line":316},"10":{"loc":{"start":{"line":317,"column":33},"end":{"line":317,"column":83}},"type":"if","locations":[{"start":{"line":317,"column":33},"end":{"line":317,"column":83}},{"start":{},"end":{}}],"line":317},"11":{"loc":{"start":{"line":318,"column":35},"end":{"line":318,"column":80}},"type":"binary-expr","locations":[{"start":{"line":318,"column":36},"end":{"line":318,"column":45}},{"start":{"line":318,"column":49},"end":{"line":318,"column":61}},{"start":{"line":318,"column":67},"end":{"line":318,"column":79}}],"line":318},"12":{"loc":{"start":{"line":394,"column":6},"end":{"line":396,"column":37}},"type":"binary-expr","locations":[{"start":{"line":394,"column":6},"end":{"line":394,"column":16}},{"start":{"line":394,"column":21},"end":{"line":396,"column":36}}],"line":394},"13":{"loc":{"start":{"line":396,"column":88},"end":{"line":398,"column":29}},"type":"binary-expr","locations":[{"start":{"line":396,"column":88},"end":{"line":396,"column":98}},{"start":{"line":396,"column":103},"end":{"line":398,"column":28}}],"line":396},"14":{"loc":{"start":{"line":401,"column":27},"end":{"line":403,"column":6}},"type":"binary-expr","locations":[{"start":{"line":401,"column":27},"end":{"line":401,"column":36}},{"start":{"line":401,"column":41},"end":{"line":403,"column":5}}],"line":401},"15":{"loc":{"start":{"line":404,"column":13},"end":{"line":406,"column":6}},"type":"binary-expr","locations":[{"start":{"line":404,"column":13},"end":{"line":404,"column":22}},{"start":{"line":404,"column":27},"end":{"line":406,"column":5}}],"line":404},"16":{"loc":{"start":{"line":407,"column":12},"end":{"line":409,"column":6}},"type":"binary-expr","locations":[{"start":{"line":407,"column":12},"end":{"line":407,"column":21}},{"start":{"line":407,"column":26},"end":{"line":409,"column":5}}],"line":407},"17":{"loc":{"start":{"line":411,"column":98},"end":{"line":411,"column":344}},"type":"cond-expr","locations":[{"start":{"line":411,"column":161},"end":{"line":411,"column":298}},{"start":{"line":411,"column":302},"end":{"line":411,"column":344}}],"line":411},"18":{"loc":{"start":{"line":411,"column":98},"end":{"line":411,"column":157}},"type":"binary-expr","locations":[{"start":{"line":411,"column":98},"end":{"line":411,"column":127}},{"start":{"line":411,"column":131},"end":{"line":411,"column":157}}],"line":411},"19":{"loc":{"start":{"line":411,"column":397},"end":{"line":413,"column":32}},"type":"binary-expr","locations":[{"start":{"line":411,"column":397},"end":{"line":411,"column":407}},{"start":{"line":411,"column":412},"end":{"line":413,"column":31}}],"line":411},"20":{"loc":{"start":{"line":416,"column":27},"end":{"line":418,"column":6}},"type":"binary-expr","locations":[{"start":{"line":416,"column":27},"end":{"line":416,"column":36}},{"start":{"line":416,"column":41},"end":{"line":418,"column":5}}],"line":416},"21":{"loc":{"start":{"line":419,"column":13},"end":{"line":421,"column":6}},"type":"binary-expr","locations":[{"start":{"line":419,"column":13},"end":{"line":419,"column":22}},{"start":{"line":419,"column":27},"end":{"line":421,"column":5}}],"line":419},"22":{"loc":{"start":{"line":422,"column":12},"end":{"line":424,"column":6}},"type":"binary-expr","locations":[{"start":{"line":422,"column":12},"end":{"line":422,"column":21}},{"start":{"line":422,"column":26},"end":{"line":424,"column":5}}],"line":422},"23":{"loc":{"start":{"line":426,"column":99},"end":{"line":426,"column":348}},"type":"cond-expr","locations":[{"start":{"line":426,"column":164},"end":{"line":426,"column":302}},{"start":{"line":426,"column":306},"end":{"line":426,"column":348}}],"line":426},"24":{"loc":{"start":{"line":426,"column":99},"end":{"line":426,"column":160}},"type":"binary-expr","locations":[{"start":{"line":426,"column":99},"end":{"line":426,"column":129}},{"start":{"line":426,"column":133},"end":{"line":426,"column":160}}],"line":426},"25":{"loc":{"start":{"line":426,"column":401},"end":{"line":428,"column":31}},"type":"binary-expr","locations":[{"start":{"line":426,"column":401},"end":{"line":426,"column":411}},{"start":{"line":426,"column":416},"end":{"line":428,"column":30}}],"line":426},"26":{"loc":{"start":{"line":431,"column":27},"end":{"line":433,"column":6}},"type":"binary-expr","locations":[{"start":{"line":431,"column":27},"end":{"line":431,"column":36}},{"start":{"line":431,"column":41},"end":{"line":433,"column":5}}],"line":431},"27":{"loc":{"start":{"line":434,"column":13},"end":{"line":436,"column":6}},"type":"binary-expr","locations":[{"start":{"line":434,"column":13},"end":{"line":434,"column":22}},{"start":{"line":434,"column":27},"end":{"line":436,"column":5}}],"line":434},"28":{"loc":{"start":{"line":437,"column":12},"end":{"line":439,"column":6}},"type":"binary-expr","locations":[{"start":{"line":437,"column":12},"end":{"line":437,"column":21}},{"start":{"line":437,"column":26},"end":{"line":439,"column":5}}],"line":437},"29":{"loc":{"start":{"line":441,"column":95},"end":{"line":441,"column":332}},"type":"cond-expr","locations":[{"start":{"line":441,"column":152},"end":{"line":441,"column":286}},{"start":{"line":441,"column":290},"end":{"line":441,"column":332}}],"line":441},"30":{"loc":{"start":{"line":441,"column":95},"end":{"line":441,"column":148}},"type":"binary-expr","locations":[{"start":{"line":441,"column":95},"end":{"line":441,"column":121}},{"start":{"line":441,"column":125},"end":{"line":441,"column":148}}],"line":441},"31":{"loc":{"start":{"line":441,"column":385},"end":{"line":443,"column":43}},"type":"binary-expr","locations":[{"start":{"line":441,"column":385},"end":{"line":441,"column":395}},{"start":{"line":441,"column":400},"end":{"line":443,"column":42}}],"line":441},"32":{"loc":{"start":{"line":447,"column":27},"end":{"line":449,"column":6}},"type":"binary-expr","locations":[{"start":{"line":447,"column":27},"end":{"line":447,"column":36}},{"start":{"line":447,"column":41},"end":{"line":449,"column":5}}],"line":447},"33":{"loc":{"start":{"line":450,"column":13},"end":{"line":452,"column":6}},"type":"binary-expr","locations":[{"start":{"line":450,"column":13},"end":{"line":450,"column":23}},{"start":{"line":450,"column":28},"end":{"line":452,"column":5}}],"line":450},"34":{"loc":{"start":{"line":453,"column":12},"end":{"line":455,"column":6}},"type":"binary-expr","locations":[{"start":{"line":453,"column":12},"end":{"line":453,"column":22}},{"start":{"line":453,"column":27},"end":{"line":455,"column":5}}],"line":453},"35":{"loc":{"start":{"line":457,"column":99},"end":{"line":457,"column":348}},"type":"cond-expr","locations":[{"start":{"line":457,"column":164},"end":{"line":457,"column":302}},{"start":{"line":457,"column":306},"end":{"line":457,"column":348}}],"line":457},"36":{"loc":{"start":{"line":457,"column":99},"end":{"line":457,"column":160}},"type":"binary-expr","locations":[{"start":{"line":457,"column":99},"end":{"line":457,"column":129}},{"start":{"line":457,"column":133},"end":{"line":457,"column":160}}],"line":457},"37":{"loc":{"start":{"line":457,"column":402},"end":{"line":459,"column":37}},"type":"binary-expr","locations":[{"start":{"line":457,"column":402},"end":{"line":457,"column":412}},{"start":{"line":457,"column":417},"end":{"line":459,"column":36}}],"line":457},"38":{"loc":{"start":{"line":462,"column":27},"end":{"line":464,"column":6}},"type":"binary-expr","locations":[{"start":{"line":462,"column":27},"end":{"line":462,"column":37}},{"start":{"line":462,"column":42},"end":{"line":464,"column":5}}],"line":462},"39":{"loc":{"start":{"line":465,"column":13},"end":{"line":467,"column":6}},"type":"binary-expr","locations":[{"start":{"line":465,"column":13},"end":{"line":465,"column":23}},{"start":{"line":465,"column":28},"end":{"line":467,"column":5}}],"line":465},"40":{"loc":{"start":{"line":468,"column":12},"end":{"line":470,"column":6}},"type":"binary-expr","locations":[{"start":{"line":468,"column":12},"end":{"line":468,"column":22}},{"start":{"line":468,"column":27},"end":{"line":470,"column":5}}],"line":468},"41":{"loc":{"start":{"line":472,"column":93},"end":{"line":472,"column":325}},"type":"cond-expr","locations":[{"start":{"line":472,"column":146},"end":{"line":472,"column":279}},{"start":{"line":472,"column":283},"end":{"line":472,"column":325}}],"line":472},"42":{"loc":{"start":{"line":472,"column":93},"end":{"line":472,"column":142}},"type":"binary-expr","locations":[{"start":{"line":472,"column":93},"end":{"line":472,"column":117}},{"start":{"line":472,"column":121},"end":{"line":472,"column":142}}],"line":472},"43":{"loc":{"start":{"line":472,"column":379},"end":{"line":474,"column":31}},"type":"binary-expr","locations":[{"start":{"line":472,"column":379},"end":{"line":472,"column":389}},{"start":{"line":472,"column":394},"end":{"line":474,"column":30}}],"line":472},"44":{"loc":{"start":{"line":477,"column":27},"end":{"line":479,"column":6}},"type":"binary-expr","locations":[{"start":{"line":477,"column":27},"end":{"line":477,"column":37}},{"start":{"line":477,"column":42},"end":{"line":479,"column":5}}],"line":477},"45":{"loc":{"start":{"line":480,"column":13},"end":{"line":482,"column":6}},"type":"binary-expr","locations":[{"start":{"line":480,"column":13},"end":{"line":480,"column":23}},{"start":{"line":480,"column":28},"end":{"line":482,"column":5}}],"line":480},"46":{"loc":{"start":{"line":483,"column":12},"end":{"line":485,"column":6}},"type":"binary-expr","locations":[{"start":{"line":483,"column":12},"end":{"line":483,"column":22}},{"start":{"line":483,"column":27},"end":{"line":485,"column":5}}],"line":483},"47":{"loc":{"start":{"line":487,"column":94},"end":{"line":487,"column":329}},"type":"cond-expr","locations":[{"start":{"line":487,"column":149},"end":{"line":487,"column":283}},{"start":{"line":487,"column":287},"end":{"line":487,"column":329}}],"line":487},"48":{"loc":{"start":{"line":487,"column":94},"end":{"line":487,"column":145}},"type":"binary-expr","locations":[{"start":{"line":487,"column":94},"end":{"line":487,"column":119}},{"start":{"line":487,"column":123},"end":{"line":487,"column":145}}],"line":487},"49":{"loc":{"start":{"line":493,"column":55},"end":{"line":493,"column":253}},"type":"cond-expr","locations":[{"start":{"line":493,"column":77},"end":{"line":493,"column":207}},{"start":{"line":493,"column":211},"end":{"line":493,"column":253}}],"line":493},"50":{"loc":{"start":{"line":493,"column":255},"end":{"line":493,"column":461}},"type":"cond-expr","locations":[{"start":{"line":493,"column":280},"end":{"line":493,"column":415}},{"start":{"line":493,"column":419},"end":{"line":493,"column":461}}],"line":493},"51":{"loc":{"start":{"line":498,"column":32},"end":{"line":498,"column":127}},"type":"binary-expr","locations":[{"start":{"line":498,"column":32},"end":{"line":498,"column":42}},{"start":{"line":498,"column":47},"end":{"line":498,"column":126}}],"line":498}},"s":{"0":1,"1":1,"2":1,"3":1,"4":1,"5":13,"6":0,"7":0,"8":0,"9":0,"10":0,"11":0,"12":0,"13":0,"14":13,"15":13,"16":13,"17":13,"18":13,"19":13,"20":13,"21":13,"22":1,"23":1,"24":1,"25":1,"26":1,"27":1,"28":1,"29":1,"30":1,"31":1,"32":1,"33":1,"34":1,"35":1,"36":1,"37":1,"38":354,"39":354,"40":53,"41":53,"42":11,"43":55,"44":55,"45":11,"46":126,"47":126,"48":12,"49":7,"50":7,"51":12,"52":54,"53":54,"54":12,"55":30,"56":30,"57":10,"58":13,"59":1},"f":{"0":13,"1":0,"2":0,"3":0,"4":13,"5":13,"6":354,"7":53,"8":53,"9":11,"10":55,"11":55,"12":11,"13":126,"14":126,"15":12,"16":7,"17":7,"18":12,"19":54,"20":54,"21":12,"22":30,"23":30,"24":10,"25":13},"b":{"0":[13,0,0,0],"1":[0,0],"2":[0,0],"3":[0,0,0],"4":[0,0],"5":[0,0],"6":[0,0],"7":[0,0],"8":[0,0],"9":[0,0,0],"10":[13,0],"11":[13,0,13],"12":[354,13],"13":[354,13],"14":[354,13],"15":[354,13],"16":[354,13],"17":[59,295],"18":[354,282],"19":[354,13],"20":[354,13],"21":[354,13],"22":[354,13],"23":[38,316],"24":[354,261],"25":[354,13],"26":[354,13],"27":[354,13],"28":[354,13],"29":[118,236],"30":[354,219],"31":[354,13],"32":[354,13],"33":[354,13],"34":[354,13],"35":[63,291],"36":[354,129],"37":[354,13],"38":[354,13],"39":[354,13],"40":[354,13],"41":[75,279],"42":[354,117],"43":[354,13],"44":[354,13],"45":[354,13],"46":[354,13],"47":[51,303],"48":[354,84],"49":[3,351],"50":[38,316],"51":[13,13]},"inputSourceMap":{"0":"{","1":"\"","2":"v","3":"e","4":"r","5":"s","6":"i","7":"o","8":"n","9":"\"","10":":","11":"3","12":",","13":"\"","14":"s","15":"o","16":"u","17":"r","18":"c","19":"e","20":"s","21":"\"","22":":","23":"[","24":"\"","25":"/","26":"U","27":"s","28":"e","29":"r","30":"s","31":"/","32":"y","33":"o","34":"u","35":"e","36":"n","37":"v","38":"a","39":"l","40":"u","41":"n","42":"/","43":"D","44":"o","45":"c","46":"u","47":"m","48":"e","49":"n","50":"t","51":"s","52":"/","53":"Y","54":"n","55":"o","56":"v","57":"-","58":"M","59":"o","60":"d","61":"u","62":"l","63":"e","64":"T","65":"e","66":"s","67":"t","68":"/","69":"m","70":"y","71":"-","72":"a","73":"p","74":"p","75":"/","76":"s","77":"r","78":"c","79":"/","80":"v","81":"i","82":"e","83":"w","84":"s","85":"/","86":"U","87":"s","88":"e","89":"r","90":"F","91":"o","92":"r","93":"m","94":".","95":"v","96":"u","97":"e","98":"\"","99":"]","100":",","101":"\"","102":"n","103":"a","104":"m","105":"e","106":"s","107":"\"","108":":","109":"[","110":"]","111":",","112":"\"","113":"m","114":"a","115":"p","116":"p","117":"i","118":"n","119":"g","120":"s","121":"\"","122":":","123":"\"","124":";","125":";","126":";","127":";","128":";","129":";","130":";","131":"A","132":"A","133":"g","134":"J","135":"A","136":";","137":"A","138":"A","139":"A","140":"A","141":";","142":"A","143":"A","144":"A","145":"A","146":";","147":"A","148":"A","149":"C","150":"A","151":";","152":"A","153":"A","154":"A","155":"A","156":";","157":"A","158":"A","159":"A","160":"A","161":";","162":"A","163":"A","164":"C","165":"A","166":";","167":"A","168":"A","169":"A","170":"A","171":";","172":"A","173":"A","174":"A","175":"A","176":";","177":"A","178":"A","179":"C","180":"A","181":";","182":"A","183":"A","184":"A","185":"A","186":";","187":"A","188":"A","189":"A","190":"A","191":";","192":"A","193":"A","194":"K","195":"o","196":"C","197":";","198":"A","199":"A","200":"A","201":"A","202":";","203":";","204":";","205":";","206":";","207":";","208":"I","209":"A","210":"E","211":"p","212":"C","213":",","214":"M","215":"A","216":"A","217":"M","218":",","219":"M","220":"A","221":"A","222":"M","223":";","224":"I","225":"A","226":"A","227":"G","228":";","229":"I","230":"A","231":"A","232":"A","233":";","234":"I","235":"A","236":"A","237":"A","238":";","239":"I","240":"A","241":"A","242":"A","243":";","244":"I","245":"A","246":"A","247":"A","248":";","249":"I","250":"A","251":"A","252":"A","253":",","254":"S","255":"A","256":"A","257":"S","258":",","259":"E","260":"A","261":"A","262":"C","263":",","264":"C","265":"A","266":"A","267":"C","268":";","269":"I","270":"A","271":"C","272":"1","273":"B","274":",","275":"M","276":"A","277":"A","278":"M","279":",","280":"U","281":"A","282":"A","283":"U","284":";","285":"I","286":"A","287":"A","288":"G","289":";","290":"I","291":"A","292":"A","293":"A","294":";","295":"I","296":"A","297":"A","298":"A","299":";","300":"I","301":"A","302":"A","303":"A","304":";","305":"I","306":"A","307":"A","308":"A","309":";","310":"I","311":"A","312":"A","313":"A","314":",","315":"a","316":"A","317":"A","318":"a","319":",","320":"E","321":"A","322":"A","323":"C","324":",","325":"C","326":"A","327":"A","328":"C","329":";","330":"I","331":"A","332":"E","333":"l","334":"C","335":",","336":"M","337":"A","338":"A","339":"M","340":",","341":"Q","342":"A","343":"A","344":"Q","345":";","346":"I","347":"A","348":"A","349":"G","350":";","351":"I","352":"A","353":"A","354":"A","355":";","356":"I","357":"A","358":"A","359":"A","360":";","361":"I","362":"A","363":"A","364":"A","365":";","366":"I","367":"A","368":"A","369":"A","370":";","371":"I","372":"A","373":"A","374":"A","375":",","376":"Q","377":"A","378":"A","379":"Q","380":",","381":"E","382":"A","383":"A","384":"C","385":";","386":"M","387":"A","388":"C","389":"x","390":"B","391":",","392":"Q","393":"A","394":"A","395":"Q","396":",","397":"E","398":"A","399":"A","400":"E","401":",","402":"E","403":"A","404":"A","405":"E","406":";","407":"M","408":"A","409":"C","410":"Z","411":",","412":"S","413":"A","414":"A","415":"S","416":",","417":"E","418":"A","419":"A","420":"E","421":",","422":"E","423":"A","424":"A","425":"E","426":";","427":"M","428":"A","429":"C","430":"b","431":",","432":"K","433":"A","434":"A","435":"K","436":",","437":"E","438":"A","439":"A","440":"E","441":",","442":"E","443":"A","444":"A","445":"E","446":";","447":"M","448":"A","449":"C","450":"T","451":",","452":"S","453":"A","454":"A","455":"S","456":",","457":"E","458":"A","459":"A","460":"E","461":",","462":"E","463":"A","464":"A","465":"E","466":";","467":"M","468":"A","469":"C","470":"b","471":",","472":"G","473":"A","474":"A","475":"G","476":",","477":"E","478":"A","479":"A","480":"E","481":",","482":"E","483":"A","484":"A","485":"E","486":";","487":"M","488":"A","489":"C","490":"P","491":",","492":"I","493":"A","494":"A","495":"I","496":",","497":"E","498":"A","499":"A","500":"E","501":";","502":"I","503":"A","504":"C","505":"R","506":",","507":"C","508":"A","509":"A","510":"C","511":",","512":"C","513":"A","514":"A","515":"C","516":";","517":"I","518":"A","519":"E","520":"F","521":",","522":"M","523":"A","524":"A","525":"M","526":",","527":"a","528":"A","529":"A","530":"a","531":";","532":"I","533":"A","534":"A","535":"G","536":";","537":"I","538":"A","539":"A","540":"A","541":";","542":"I","543":"A","544":"A","545":"A","546":";","547":"I","548":"A","549":"A","550":"A","551":";","552":"I","553":"A","554":"A","555":"A","556":";","557":"I","558":"A","559":"A","560":"A","561":",","562":"Q","563":"A","564":"A","565":"Q","566":",","567":"E","568":"A","569":"A","570":"C","571":";","572":"M","573":"A","574":"C","575":"7","576":"B","577":",","578":"Q","579":"A","580":"A","581":"Q","582":",","583":"E","584":"A","585":"A","586":"E","587":",","588":"K","589":"A","590":"A","591":"K","592":";","593":"M","594":"A","595":"C","596":"f","597":",","598":"S","599":"A","600":"A","601":"S","602":",","603":"E","604":"A","605":"A","606":"E","607":",","608":"K","609":"A","610":"A","611":"K","612":";","613":"M","614":"A","615":"C","616":"h","617":"B","618":",","619":"K","620":"A","621":"A","622":"K","623":",","624":"E","625":"A","626":"A","627":"E","628":",","629":"K","630":"A","631":"A","632":"K","633":";","634":"M","635":"A","636":"C","637":"Z","638":",","639":"S","640":"A","641":"A","642":"S","643":",","644":"E","645":"A","646":"A","647":"E","648":",","649":"K","650":"A","651":"A","652":"K","653":";","654":"M","655":"A","656":"C","657":"h","658":"B","659":",","660":"G","661":"A","662":"A","663":"G","664":",","665":"E","666":"A","667":"A","668":"E","669":",","670":"K","671":"A","672":"A","673":"K","674":";","675":"M","676":"A","677":"C","678":"V","679":",","680":"I","681":"A","682":"A","683":"I","684":",","685":"E","686":"A","687":"A","688":"E","689":";","690":"I","691":"A","692":"C","693":"R","694":",","695":"C","696":"A","697":"A","698":"C","699":",","700":"C","701":"A","702":"A","703":"C","704":";","705":"I","706":"A","707":"E","708":"F","709":",","710":"M","711":"A","712":"A","713":"M","714":",","715":"c","716":"A","717":"A","718":"c","719":";","720":"I","721":"A","722":"A","723":"G","724":";","725":"I","726":"A","727":"A","728":"A","729":";","730":"I","731":"A","732":"A","733":"A","734":";","735":"I","736":"A","737":"A","738":"A","739":";","740":"I","741":"A","742":"A","743":"A","744":";","745":"I","746":"A","747":"A","748":"A","749":",","750":"G","751":"A","752":"A","753":"G","754":",","755":"E","756":"A","757":"A","758":"C","759":",","760":"E","761":"A","762":"A","763":"E","764":",","765":"C","766":"A","767":"A","768":"C","769":";","770":"I","771":"A","772":"C","773":"9","774":"B","775":",","776":"M","777":"A","778":"A","779":"M","780":",","781":"W","782":"A","783":"A","784":"W","785":";","786":"I","787":"A","788":"A","789":"G","790":";","791":"I","792":"A","793":"A","794":"A","795":";","796":"I","797":"A","798":"A","799":"A","800":";","801":"I","802":"A","803":"A","804":"A","805":";","806":"I","807":"A","808":"A","809":"A","810":";","811":"I","812":"A","813":"A","814":"A","815":",","816":"G","817":"A","818":"A","819":"G","820":",","821":"E","822":"A","823":"A","824":"C","825":",","826":"E","827":"A","828":"A","829":"E","830":",","831":"C","832":"A","833":"A","834":"C","835":";","836":"I","837":"A","838":"E","839":"3","840":"B","841":";","842":"I","843":"A","844":"A","845":"A","846":";","847":"I","848":"A","849":"A","850":"A","851":";","852":"I","853":"A","854":"A","855":"A","856":";","857":"I","858":"A","859":"A","860":"A","861":";","862":"I","863":"A","864":"A","865":"A","866":",","867":"K","868":"A","869":"A","870":"K","871":",","872":"E","873":"A","874":"C","875":"H","876":",","877":"M","878":"A","879":"A","880":"M","881":",","882":"U","883":"A","884":"A","885":"U","886":",","887":"C","888":"A","889":"A","890":"C","891":",","892":"K","893":"A","894":"A","895":"K","896":",","897":"E","898":"A","899":"C","900":"r","901":"B","902":",","903":"Q","904":"A","905":"A","906":"Q","907":",","908":"I","909":"A","910":"A","911":"K","912":";","913":"M","914":"A","915":"C","916":"Z","917":",","918":"W","919":"A","920":"A","921":"W","922":",","923":"C","924":"A","925":"A","926":"C","927":",","928":"K","929":"A","930":"A","931":"K","932":",","933":"G","934":"A","935":"A","936":"G","937":",","938":"Q","939":"A","940":"A","941":"Q","942":",","943":"I","944":"A","945":"A","946":"I","947":",","948":"E","949":"A","950":"A","951":"E","952":";","953":"I","954":"A","955":"C","956":"p","957":"C","958":",","959":"C","960":"A","961":"C","962":"F","963":",","964":"C","965":"A","966":"A","967":"C","968":";","969":"I","970":"A","971":"E","972":"D","973":",","974":"S","975":"A","976":"A","977":"S","978":",","979":"q","980":"B","981":"A","982":"A","983":"q","984":"B","985":",","986":"C","987":"A","988":"A","989":"C","990":",","991":"K","992":"A","993":"A","994":"K","995":",","996":"E","997":"A","998":"A","999":"E","1000":";","1001":"M","1002":"A","1003":"C","1004":"p","1005":"C","1006":",","1007":"M","1008":"A","1009":"A","1010":"M","1011":",","1012":"O","1013":"A","1014":"A","1015":"O","1016":",","1017":"G","1018":"A","1019":"A","1020":"G","1021":",","1022":"K","1023":"A","1024":"A","1025":"K","1026":",","1027":"Y","1028":"A","1029":"A","1030":"Y","1031":",","1032":"K","1033":"A","1034":"A","1035":"K","1036":",","1037":"G","1038":"A","1039":"A","1040":"G","1041":",","1042":"K","1043":"A","1044":"A","1045":"K","1046":",","1047":"C","1048":"A","1049":"A","1050":"C","1051":",","1052":"O","1053":"A","1054":"A","1055":"O","1056":",","1057":"G","1058":"A","1059":"A","1060":"G","1061":",","1062":"M","1063":"A","1064":"A","1065":"M","1066":",","1067":"C","1068":"A","1069":"A","1070":"C","1071":",","1072":"K","1073":"A","1074":"A","1075":"K","1076":",","1077":"C","1078":"A","1079":"A","1080":"C","1081":";","1082":"M","1083":"A","1084":"E","1085":"t","1086":"E","1087":",","1088":"I","1089":"A","1090":"A","1091":"I","1092":",","1093":"O","1094":"A","1095":"A","1096":"O","1097":",","1098":"C","1099":"A","1100":"A","1101":"C","1102":",","1103":"Q","1104":"A","1105":"A","1106":"Q","1107":",","1108":"C","1109":"A","1110":"A","1111":"C","1112":",","1113":"S","1114":"A","1115":"A","1116":"S","1117":",","1118":"C","1119":"A","1120":"A","1121":"C","1122":",","1123":"I","1124":"A","1125":"A","1126":"I","1127":",","1128":"O","1129":"A","1130":"A","1131":"O","1132":",","1133":"C","1134":"A","1135":"A","1136":"C","1137":",","1138":"Q","1139":"A","1140":"A","1141":"Q","1142":",","1143":"C","1144":"A","1145":"A","1146":"C","1147":",","1148":"q","1149":"B","1150":"A","1151":"A","1152":"q","1153":"B","1154":",","1155":"C","1156":"A","1157":"A","1158":"C","1159":",","1160":"E","1161":"A","1162":"A","1163":"E","1164":";","1165":"Q","1166":"A","1167":"C","1168":"1","1169":"E","1170":",","1171":"O","1172":"A","1173":"A","1174":"O","1175":",","1176":"w","1177":"B","1178":"A","1179":"A","1180":"w","1181":"B","1182":";","1183":"M","1184":"A","1185":"C","1186":"j","1187":"C","1188":";","1189":"M","1190":"A","1191":"C","1192":"A","1193":",","1194":"I","1195":"A","1196":"A","1197":"I","1198":",","1199":"O","1200":"A","1201":"A","1202":"O","1203":",","1204":"C","1205":"A","1206":"A","1207":"C","1208":",","1209":"Q","1210":"A","1211":"A","1212":"Q","1213":",","1214":"C","1215":"A","1216":"A","1217":"C","1218":",","1219":"c","1220":"A","1221":"A","1222":"c","1223":",","1224":"C","1225":"A","1226":"A","1227":"C","1228":",","1229":"E","1230":"A","1231":"A","1232":"E","1233":";","1234":"Q","1235":"A","1236":"C","1237":"p","1238":"C","1239":",","1240":"O","1241":"A","1242":"A","1243":"O","1244":",","1245":"u","1246":"B","1247":"A","1248":"A","1249":"u","1250":"B","1251":";","1252":"M","1253":"A","1254":"C","1255":"h","1256":"C","1257":";","1258":"M","1259":"A","1260":"C","1261":"A","1262":",","1263":"O","1264":"A","1265":"A","1266":"O","1267":",","1268":"O","1269":"A","1270":"A","1271":"O","1272":";","1273":"I","1274":"A","1275":"C","1276":"h","1277":"B","1278":";","1279":"I","1280":"A","1281":"E","1282":"A","1283":",","1284":"S","1285":"A","1286":"A","1287":"S","1288":",","1289":"m","1290":"B","1291":"A","1292":"A","1293":"m","1294":"B","1295":",","1296":"G","1297":"A","1298":"A","1299":"G","1300":";","1301":"M","1302":"A","1303":"C","1304":"7","1305":"B","1306":",","1307":"M","1308":"A","1309":"A","1310":"M","1311":",","1312":"M","1313":"A","1314":"A","1315":"M","1316":",","1317":"G","1318":"A","1319":"A","1320":"G","1321":";","1322":"Q","1323":"A","1324":"C","1325":"b","1326":",","1327":"Q","1328":"A","1329":"A","1330":"Q","1331":",","1332":"E","1333":"A","1334":"A","1335":"E","1336":",","1337":"E","1338":"A","1339":"A","1340":"E","1341":";","1342":"Q","1343":"A","1344":"C","1345":"Z","1346":",","1347":"S","1348":"A","1349":"A","1350":"S","1351":",","1352":"E","1353":"A","1354":"A","1355":"E","1356":",","1357":"E","1358":"A","1359":"A","1360":"E","1361":";","1362":"Q","1363":"A","1364":"C","1365":"b","1366":",","1367":"K","1368":"A","1369":"A","1370":"K","1371":",","1372":"E","1373":"A","1374":"A","1375":"E","1376":",","1377":"E","1378":"A","1379":"A","1380":"E","1381":";","1382":"Q","1383":"A","1384":"C","1385":"T","1386":",","1387":"S","1388":"A","1389":"A","1390":"S","1391":",","1392":"E","1393":"A","1394":"A","1395":"E","1396":",","1397":"E","1398":"A","1399":"A","1400":"E","1401":";","1402":"Q","1403":"A","1404":"C","1405":"b","1406":",","1407":"G","1408":"A","1409":"A","1410":"G","1411":",","1412":"E","1413":"A","1414":"A","1415":"E","1416":",","1417":"E","1418":"A","1419":"A","1420":"E","1421":";","1422":"Q","1423":"A","1424":"C","1425":"P","1426":",","1427":"I","1428":"A","1429":"A","1430":"I","1431":",","1432":"E","1433":"A","1434":"A","1435":"E","1436":";","1437":"M","1438":"A","1439":"C","1440":"R","1441":",","1442":"C","1443":"A","1444":"A","1445":"C","1446":";","1447":";","1448":"M","1449":"A","1450":"E","1451":"D","1452":";","1453":"M","1454":"A","1455":"C","1456":"A","1457":",","1458":"I","1459":"A","1460":"A","1461":"I","1462":";","1463":"Q","1464":"A","1465":"C","1466":"F","1467":";","1468":"Q","1469":"A","1470":"A","1471":"A","1472":";","1473":"Q","1474":"A","1475":"A","1476":"A","1477":";","1478":"Q","1479":"A","1480":"A","1481":"A","1482":";","1483":"Q","1484":"A","1485":"A","1486":"A","1487":";","1488":"Q","1489":"A","1490":"A","1491":"A","1492":",","1493":"g","1494":"B","1495":"A","1496":"A","1497":"g","1498":"B","1499":",","1500":"E","1501":"A","1502":"A","1503":"C","1504":";","1505":"U","1506":"A","1507":"C","1508":"f","1509":",","1510":"S","1511":"A","1512":"A","1513":"S","1514":",","1515":"E","1516":"A","1517":"A","1518":"E","1519":",","1520":"Q","1521":"A","1522":"A","1523":"Q","1524":",","1525":"C","1526":"A","1527":"A","1528":"C","1529":",","1530":"S","1531":"A","1532":"A","1533":"S","1534":";","1535":"U","1536":"A","1537":"C","1538":"7","1539":"B","1540":",","1541":"Q","1542":"A","1543":"A","1544":"Q","1545":",","1546":"E","1547":"A","1548":"A","1549":"E","1550":",","1551":"Q","1552":"A","1553":"A","1554":"Q","1555":",","1556":"C","1557":"A","1558":"A","1559":"C","1560":";","1561":"Q","1562":"A","1563":"C","1564":"r","1565":"B","1566":",","1567":"C","1568":"A","1569":"A","1570":"C","1571":",","1572":"C","1573":"A","1574":"A","1575":"C","1576":";","1577":"M","1578":"A","1579":"C","1580":"J","1581":",","1582":"C","1583":"A","1584":"A","1585":"C","1586":",","1587":"C","1588":"A","1589":"A","1590":"C","1591":",","1592":"O","1593":"A","1594":"A","1595":"O","1596":",","1597":"K","1598":"A","1599":"A","1600":"K","1601":",","1602":"E","1603":"A","1604":"A","1605":"E","1606":";","1607":"Q","1608":"A","1609":"C","1610":"d","1611":",","1612":"M","1613":"A","1614":"A","1615":"M","1616":",","1617":"O","1618":"A","1619":"A","1620":"O","1621":",","1622":"G","1623":"A","1624":"A","1625":"G","1626":",","1627":"q","1628":"B","1629":"A","1630":"A","1631":"q","1632":"B","1633":",","1634":"C","1635":"A","1636":"A","1637":"C","1638":",","1639":"K","1640":"A","1641":"A","1642":"K","1643":",","1644":"C","1645":"A","1646":"A","1647":"C","1648":";","1649":"Q","1650":"A","1651":"C","1652":"5","1653":"C","1654":",","1655":"M","1656":"A","1657":"A","1658":"M","1659":",","1660":"C","1661":"A","1662":"A","1663":"C","1664":",","1665":"S","1666":"A","1667":"A","1668":"S","1669":",","1670":"G","1671":"A","1672":"A","1673":"G","1674":",","1675":"O","1676":"A","1677":"A","1678":"O","1679":";","1680":"Q","1681":"A","1682":"C","1683":"1","1684":"B","1685":",","1686":"M","1687":"A","1688":"A","1689":"M","1690":",","1691":"C","1692":"A","1693":"A","1694":"C","1695":",","1696":"Q","1697":"A","1698":"A","1699":"Q","1700":",","1701":"G","1702":"A","1703":"A","1704":"G","1705":",","1706":"O","1707":"A","1708":"A","1709":"O","1710":";","1711":"M","1712":"A","1713":"C","1714":"3","1715":"B","1716":";","1717":";","1718":"M","1719":"A","1720":"E","1721":"A","1722":";","1723":"M","1724":"A","1725":"C","1726":"A","1727":",","1728":"I","1729":"A","1730":"A","1731":"I","1732":";","1733":"Q","1734":"A","1735":"C","1736":"F","1737":";","1738":"Q","1739":"A","1740":"A","1741":"A","1742":";","1743":"Q","1744":"A","1745":"A","1746":"A","1747":";","1748":"Q","1749":"A","1750":"A","1751":"A","1752":";","1753":"Q","1754":"A","1755":"A","1756":"A","1757":";","1758":"Q","1759":"A","1760":"A","1761":"A","1762":",","1763":"a","1764":"A","1765":"A","1766":"a","1767":",","1768":"E","1769":"A","1770":"A","1771":"C","1772":",","1773":"Q","1774":"A","1775":"A","1776":"Q","1777":",","1778":"C","1779":"A","1780":"A","1781":"C","1782":",","1783":"K","1784":"A","1785":"A","1786":"K","1787":",","1788":"C","1789":"A","1790":"A","1791":"C","1792":";","1793":"M","1794":"A","1795":"C","1796":"/","1797":"B","1798":",","1799":"C","1800":"A","1801":"A","1802":"C","1803":",","1804":"C","1805":"A","1806":"A","1807":"C","1808":",","1809":"O","1810":"A","1811":"A","1812":"O","1813":",","1814":"K","1815":"A","1816":"A","1817":"K","1818":",","1819":"E","1820":"A","1821":"A","1822":"E","1823":";","1824":"Q","1825":"A","1826":"C","1827":"d","1828":",","1829":"M","1830":"A","1831":"A","1832":"M","1833":",","1834":"C","1835":"A","1836":"A","1837":"C","1838":",","1839":"K","1840":"A","1841":"A","1842":"K","1843":",","1844":"G","1845":"A","1846":"A","1847":"G","1848":",","1849":"q","1850":"B","1851":"A","1852":"A","1853":"q","1854":"B","1855":",","1856":"C","1857":"A","1858":"A","1859":"C","1860":",","1861":"K","1862":"A","1863":"A","1864":"K","1865":",","1866":"C","1867":"A","1868":"A","1869":"C","1870":";","1871":"M","1872":"A","1873":"C","1874":"7","1875":"C","1876":";","1877":";","1878":"M","1879":"A","1880":"E","1881":"A","1882":";","1883":"M","1884":"A","1885":"C","1886":"A","1887":",","1888":"I","1889":"A","1890":"A","1891":"I","1892":";","1893":"Q","1894":"A","1895":"C","1896":"F","1897":",","1898":"I","1899":"A","1900":"A","1901":"I","1902":",","1903":"C","1904":"A","1905":"A","1906":"C","1907":",","1908":"Q","1909":"A","1910":"A","1911":"Q","1912":",","1913":"C","1914":"A","1915":"A","1916":"C","1917":",","1918":"S","1919":"A","1920":"A","1921":"S","1922":",","1923":"E","1924":"A","1925":"A","1926":"E","1927":",","1928":"M","1929":"A","1930":"A","1931":"M","1932":",","1933":"I","1934":"A","1935":"A","1936":"I","1937":",","1938":"K","1939":"A","1940":"A","1941":"K","1942":",","1943":"C","1944":"A","1945":"A","1946":"C","1947":",","1948":"w","1949":"B","1950":"A","1951":"A","1952":"w","1953":"B","1954":",","1955":"C","1956":"A","1957":"A","1958":"C","1959":";","1960":"Q","1961":"A","1962":"E","1963":"l","1964":"E","1965":",","1966":"M","1967":"A","1968":"A","1969":"M","1970":",","1971":"e","1972":"A","1973":"A","1974":"e","1975":",","1976":"G","1977":"A","1978":"A","1979":"G","1980":",","1981":"I","1982":"A","1983":"A","1984":"I","1985":",","1986":"I","1987":"A","1988":"A","1989":"I","1990":",","1991":"C","1992":"A","1993":"A","1994":"C","1995":",","1996":"Q","1997":"A","1998":"A","1999":"Q","2000":",","2001":"C","2002":"A","2003":"A","2004":"C","2005":",","2006":"S","2007":"A","2008":"A","2009":"S","2010":",","2011":"C","2012":"A","2013":"A","2014":"C","2015":";","2016":"Q","2017":"A","2018":"C","2019":"p","2020":"D","2021":",","2022":"I","2023":"A","2024":"A","2025":"I","2026":",","2027":"M","2028":"A","2029":"A","2030":"M","2031":",","2032":"C","2033":"A","2034":"A","2035":"C","2036":",","2037":"K","2038":"A","2039":"A","2040":"K","2041":",","2042":"C","2043":"A","2044":"A","2045":"C","2046":",","2047":"e","2048":"A","2049":"A","2050":"e","2051":",","2052":"C","2053":"A","2054":"A","2055":"C","2056":",","2057":"O","2058":"A","2059":"A","2060":"O","2061":",","2062":"C","2063":"A","2064":"A","2065":"C","2066":",","2067":"C","2068":"A","2069":"A","2070":"C","2071":",","2072":"C","2073":"A","2074":"A","2075":"C","2076":",","2077":"E","2078":"A","2079":"A","2080":"E","2081":",","2082":"M","2083":"A","2084":"A","2085":"M","2086":",","2087":"I","2088":"A","2089":"A","2090":"I","2091":",","2092":"K","2093":"A","2094":"A","2095":"K","2096":",","2097":"C","2098":"A","2099":"A","2100":"C","2101":",","2102":"u","2103":"B","2104":"A","2105":"A","2106":"u","2107":"B","2108":",","2109":"C","2110":"A","2111":"A","2112":"C","2113":";","2114":"Q","2115":"A","2116":"E","2117":"r","2118":"F","2119":";","2120":"Q","2121":"A","2122":"A","2123":"A","2124":";","2125":"Q","2126":"A","2127":"A","2128":"A","2129":";","2130":"Q","2131":"A","2132":"A","2133":"A","2134":";","2135":"Q","2136":"A","2137":"A","2138":"A","2139":";","2140":"Q","2141":"A","2142":"A","2143":"A","2144":",","2145":"a","2146":"A","2147":"A","2148":"a","2149":",","2150":"E","2151":"A","2152":"A","2153":"C","2154":";","2155":"U","2156":"A","2157":"A","2158":"E","2159":",","2160":"K","2161":"A","2162":"A","2163":"K","2164":",","2165":"E","2166":"A","2167":"A","2168":"E","2169":";","2170":"Q","2171":"A","2172":"A","2173":"g","2174":"B","2175":",","2176":"C","2177":"A","2178":"A","2179":"C","2180":",","2181":"C","2182":"A","2183":"A","2184":"C","2185":";","2186":"M","2187":"A","2188":"C","2189":"3","2190":"C","2191":",","2192":"C","2193":"A","2194":"A","2195":"C","2196":",","2197":"C","2198":"A","2199":"A","2200":"C","2201":",","2202":"O","2203":"A","2204":"A","2205":"O","2206":",","2207":"K","2208":"A","2209":"A","2210":"K","2211":",","2212":"E","2213":"A","2214":"A","2215":"E","2216":";","2217":"Q","2218":"A","2219":"C","2220":"d","2221":",","2222":"M","2223":"A","2224":"A","2225":"M","2226":",","2227":"C","2228":"A","2229":"A","2230":"C","2231":",","2232":"S","2233":"A","2234":"A","2235":"S","2236":",","2237":"G","2238":"A","2239":"A","2240":"G","2241":",","2242":"q","2243":"B","2244":"A","2245":"A","2246":"q","2247":"B","2248":",","2249":"C","2250":"A","2251":"A","2252":"C","2253":",","2254":"K","2255":"A","2256":"A","2257":"K","2258":",","2259":"C","2260":"A","2261":"A","2262":"C","2263":";","2264":"M","2265":"A","2266":"C","2267":"j","2268":"D","2269":";","2270":";","2271":"M","2272":"A","2273":"E","2274":"A","2275":";","2276":"M","2277":"A","2278":"C","2279":"A","2280":",","2281":"I","2282":"A","2283":"A","2284":"I","2285":";","2286":"Q","2287":"A","2288":"C","2289":"F","2290":";","2291":"Q","2292":"A","2293":"A","2294":"A","2295":";","2296":"Q","2297":"A","2298":"A","2299":"A","2300":";","2301":"Q","2302":"A","2303":"A","2304":"A","2305":";","2306":"Q","2307":"A","2308":"A","2309":"A","2310":";","2311":"Q","2312":"A","2313":"A","2314":"A","2315":",","2316":"k","2317":"B","2318":"A","2319":"A","2320":"k","2321":"B","2322":",","2323":"E","2324":"A","2325":"A","2326":"C","2327":",","2328":"Q","2329":"A","2330":"A","2331":"Q","2332":",","2333":"C","2334":"A","2335":"A","2336":"C","2337":",","2338":"G","2339":"A","2340":"A","2341":"G","2342":",","2343":"C","2344":"A","2345":"A","2346":"C","2347":";","2348":"M","2349":"A","2350":"C","2351":"l","2352":"C","2353":",","2354":"C","2355":"A","2356":"A","2357":"C","2358":",","2359":"C","2360":"A","2361":"A","2362":"C","2363":",","2364":"O","2365":"A","2366":"A","2367":"O","2368":",","2369":"K","2370":"A","2371":"A","2372":"K","2373":",","2374":"E","2375":"A","2376":"A","2377":"E","2378":";","2379":"Q","2380":"A","2381":"C","2382":"d","2383":",","2384":"M","2385":"A","2386":"A","2387":"M","2388":",","2389":"C","2390":"A","2391":"A","2392":"C","2393":",","2394":"G","2395":"A","2396":"A","2397":"G","2398":",","2399":"G","2400":"A","2401":"A","2402":"G","2403":",","2404":"q","2405":"B","2406":"A","2407":"A","2408":"q","2409":"B","2410":",","2411":"C","2412":"A","2413":"A","2414":"C","2415":",","2416":"K","2417":"A","2418":"A","2419":"K","2420":",","2421":"C","2422":"A","2423":"A","2424":"C","2425":";","2426":"M","2427":"A","2428":"C","2429":"3","2430":"C","2431":";","2432":";","2433":"M","2434":"A","2435":"E","2436":"A","2437":";","2438":"M","2439":"A","2440":"C","2441":"A","2442":",","2443":"I","2444":"A","2445":"A","2446":"I","2447":",","2448":"C","2449":"A","2450":"A","2451":"C","2452":",","2453":"Q","2454":"A","2455":"A","2456":"Q","2457":",","2458":"C","2459":"A","2460":"A","2461":"C","2462":",","2463":"I","2464":"A","2465":"A","2466":"I","2467":",","2468":"I","2469":"A","2470":"A","2471":"I","2472":",","2473":"Q","2474":"A","2475":"A","2476":"Q","2477":",","2478":"C","2479":"A","2480":"A","2481":"C","2482":",","2483":"I","2484":"A","2485":"A","2486":"I","2487":",","2488":"C","2489":"A","2490":"A","2491":"C","2492":",","2493":"I","2494":"A","2495":"A","2496":"I","2497":",","2498":"C","2499":"A","2500":"A","2501":"C","2502":",","2503":"C","2504":"A","2505":"A","2506":"C","2507":",","2508":"K","2509":"A","2510":"A","2511":"K","2512":",","2513":"E","2514":"A","2515":"A","2516":"E","2517":",","2518":"E","2519":"A","2520":"A","2521":"E","2522":";","2523":"Q","2524":"A","2525":"C","2526":"j","2527":"D","2528":",","2529":"M","2530":"A","2531":"A","2532":"M","2533":",","2534":"C","2535":"A","2536":"A","2537":"C","2538":",","2539":"I","2540":"A","2541":"A","2542":"I","2543":",","2544":"G","2545":"A","2546":"A","2547":"G","2548":",","2549":"k","2550":"B","2551":"A","2552":"A","2553":"k","2554":"B","2555":";","2556":"M","2557":"A","2558":"C","2559":"l","2560":"C","2561":";","2562":"M","2563":"A","2564":"E","2565":"A","2566":",","2567":"M","2568":"A","2569":"A","2570":"M","2571":",","2572":"O","2573":"A","2574":"A","2575":"O","2576":",","2577":"G","2578":"A","2579":"A","2580":"G","2581":",","2582":"M","2583":"A","2584":"A","2585":"M","2586":",","2587":"C","2588":"A","2589":"A","2590":"C","2591":",","2592":"M","2593":"A","2594":"A","2595":"M","2596":",","2597":"C","2598":"A","2599":"A","2600":"C","2601":",","2602":"M","2603":"A","2604":"A","2605":"M","2606":",","2607":"C","2608":"A","2609":"A","2610":"C","2611":",","2612":"C","2613":"A","2614":"A","2615":"C","2616":",","2617":"K","2618":"A","2619":"A","2620":"K","2621":",","2622":"C","2623":"A","2624":"A","2625":"E","2626":",","2627":"K","2628":"A","2629":"A","2630":"K","2631":",","2632":"I","2633":"A","2634":"A","2635":"K","2636":",","2637":"K","2638":"A","2639":"A","2640":"K","2641":",","2642":"K","2643":"A","2644":"A","2645":"K","2646":",","2647":"E","2648":"A","2649":"A","2650":"E","2651":",","2652":"C","2653":"A","2654":"A","2655":"C","2656":";","2657":"M","2658":"A","2659":"C","2660":"p","2661":"E","2662":",","2663":"O","2664":"A","2665":"A","2666":"O","2667":";","2668":"Q","2669":"A","2670":"A","2671":"E","2672":",","2673":"O","2674":"A","2675":"A","2676":"O","2677":";","2678":"Q","2679":"A","2680":"A","2681":"E","2682":";","2683":"M","2684":"A","2685":"A","2686":"O","2687":",","2688":"C","2689":"A","2690":"A","2691":"C","2692":";","2693":"I","2694":"A","2695":"C","2696":"5","2697":"B","2698":";","2699":"I","2700":"A","2701":"E","2702":"A","2703":",","2704":"M","2705":"A","2706":"A","2707":"M","2708":",","2709":"e","2710":"A","2711":"A","2712":"e","2713":";","2714":"I","2715":"A","2716":"A","2717":"G","2718":";","2719":"I","2720":"A","2721":"A","2722":"A","2723":";","2724":"I","2725":"A","2726":"A","2727":"A","2728":";","2729":"I","2730":"A","2731":"A","2732":"A","2733":";","2734":"I","2735":"A","2736":"A","2737":"A","2738":";","2739":"I","2740":"A","2741":"A","2742":"A","2743":",","2744":"Q","2745":"A","2746":"A","2747":"Q","2748":",","2749":"E","2750":"A","2751":"A","2752":"C","2753":",","2754":"M","2755":"A","2756":"A","2757":"M","2758":",","2759":"m","2760":"B","2761":"A","2762":"A","2763":"m","2764":"B","2765":",","2766":"C","2767":"A","2768":"A","2769":"C","2770":",","2771":"C","2772":"A","2773":"A","2774":"C","2775":",","2776":"C","2777":"A","2778":"A","2779":"C","2780":";","2781":"I","2782":"A","2783":"C","2784":"7","2785":"D","2786":",","2787":"M","2788":"A","2789":"A","2790":"M","2791":",","2792":"U","2793":"A","2794":"A","2795":"U","2796":";","2797":"I","2798":"A","2799":"A","2800":"G","2801":";","2802":"I","2803":"A","2804":"A","2805":"A","2806":";","2807":"I","2808":"A","2809":"A","2810":"A","2811":";","2812":"I","2813":"A","2814":"A","2815":"A","2816":";","2817":"I","2818":"A","2819":"A","2820":"A","2821":";","2822":"I","2823":"A","2824":"A","2825":"A","2826":",","2827":"Q","2828":"A","2829":"A","2830":"Q","2831":",","2832":"E","2833":"A","2834":"A","2835":"C","2836":",","2837":"M","2838":"A","2839":"A","2840":"M","2841":",","2842":"e","2843":"A","2844":"A","2845":"e","2846":",","2847":"C","2848":"A","2849":"A","2850":"C","2851":",","2852":"K","2853":"A","2854":"A","2855":"K","2856":",","2857":"C","2858":"A","2859":"A","2860":"C","2861":",","2862":"M","2863":"A","2864":"A","2865":"M","2866":",","2867":"C","2868":"A","2869":"A","2870":"C","2871":";","2872":"I","2873":"A","2874":"C","2875":"/","2876":"D","2877":",","2878":"M","2879":"A","2880":"A","2881":"M","2882":",","2883":"W","2884":"A","2885":"A","2886":"W","2887":";","2888":"I","2889":"A","2890":"A","2891":"G","2892":";","2893":"I","2894":"A","2895":"A","2896":"A","2897":";","2898":"I","2899":"A","2900":"A","2901":"A","2902":";","2903":"I","2904":"A","2905":"A","2906":"A","2907":";","2908":"I","2909":"A","2910":"A","2911":"A","2912":";","2913":"I","2914":"A","2915":"A","2916":"A","2917":",","2918":"Q","2919":"A","2920":"A","2921":"Q","2922":",","2923":"E","2924":"A","2925":"A","2926":"C","2927":",","2928":"M","2929":"A","2930":"A","2931":"M","2932":",","2933":"e","2934":"A","2935":"A","2936":"e","2937":",","2938":"C","2939":"A","2940":"A","2941":"C","2942":",","2943":"K","2944":"A","2945":"A","2946":"K","2947":",","2948":"C","2949":"A","2950":"A","2951":"C","2952":",","2953":"O","2954":"A","2955":"A","2956":"O","2957":",","2958":"C","2959":"A","2960":"A","2961":"C","2962":";","2963":"I","2964":"A","2965":"E","2966":"j","2967":"E","2968":",","2969":"S","2970":"A","2971":"A","2972":"S","2973":",","2974":"g","2975":"B","2976":"A","2977":"A","2978":"g","2979":"B","2980":",","2981":"C","2982":"A","2983":"A","2984":"C","2985":",","2986":"S","2987":"A","2988":"A","2989":"S","2990":",","2991":"E","2992":"A","2993":"A","2994":"E","2995":";","2996":"M","2997":"A","2998":"C","2999":"n","3000":"C","3001":",","3002":"a","3003":"A","3004":"A","3005":"a","3006":",","3007":"C","3008":"A","3009":"A","3010":"C","3011":",","3012":"S","3013":"A","3014":"A","3015":"S","3016":",","3017":"C","3018":"A","3019":"A","3020":"C","3021":",","3022":"G","3023":"A","3024":"A","3025":"G","3026":",","3027":"I","3028":"A","3029":"A","3030":"I","3031":";","3032":"I","3033":"A","3034":"C","3035":"j","3036":"C","3037":";","3038":"I","3039":"A","3040":"E","3041":"A","3042":",","3043":"S","3044":"A","3045":"A","3046":"S","3047":",","3048":"Y","3049":"A","3050":"A","3051":"Y","3052":",","3053":"C","3054":"A","3055":"A","3056":"C","3057":",","3058":"S","3059":"A","3060":"A","3061":"S","3062":",","3063":"E","3064":"A","3065":"A","3066":"E","3067":";","3068":"M","3069":"A","3070":"C","3071":"/","3072":"B","3073":",","3074":"a","3075":"A","3076":"A","3077":"a","3078":",","3079":"C","3080":"A","3081":"A","3082":"C","3083":",","3084":"S","3085":"A","3086":"A","3087":"S","3088":",","3089":"C","3090":"A","3091":"A","3092":"C","3093":",","3094":"G","3095":"A","3096":"A","3097":"G","3098":",","3099":"I","3100":"A","3101":"A","3102":"I","3103":";","3104":"I","3105":"A","3106":"C","3107":"j","3108":"C","3109":";","3110":"I","3111":"A","3112":"E","3113":"A","3114":",","3115":"S","3116":"A","3117":"A","3118":"S","3119":",","3120":"c","3121":"A","3122":"A","3123":"c","3124":",","3125":"G","3126":"A","3127":"A","3128":"G","3129":";","3130":"M","3131":"A","3132":"C","3133":"x","3134":"B","3135":",","3136":"M","3137":"A","3138":"A","3139":"M","3140":",","3141":"C","3142":"A","3143":"A","3144":"C","3145":",","3146":"I","3147":"A","3148":"A","3149":"I","3150":",","3151":"C","3152":"A","3153":"A","3154":"C","3155":",","3156":"a","3157":"A","3158":"A","3159":"a","3160":",","3161":"C","3162":"A","3163":"A","3164":"C","3165":",","3166":"C","3167":"A","3168":"A","3169":"C","3170":",","3171":"O","3172":"A","3173":"A","3174":"O","3175":",","3176":"C","3177":"A","3178":"A","3179":"E","3180":",","3181":"G","3182":"A","3183":"A","3184":"G","3185":",","3186":"I","3187":"A","3188":"A","3189":"M","3190":",","3191":"a","3192":"A","3193":"A","3194":"a","3195":",","3196":"C","3197":"A","3198":"A","3199":"C","3200":",","3201":"G","3202":"A","3203":"A","3204":"G","3205":",","3206":"C","3207":"A","3208":"A","3209":"C","3210":",","3211":"G","3212":"A","3213":"A","3214":"G","3215":",","3216":"I","3217":"A","3218":"A","3219":"K","3220":",","3221":"C","3222":"A","3223":"A","3224":"C","3225":";","3226":"I","3227":"A","3228":"C","3229":"1","3230":"E","3231":";","3232":"I","3233":"A","3234":"E","3235":"A","3236":",","3237":"S","3238":"A","3239":"A","3240":"S","3241":",","3242":"S","3243":"A","3244":"A","3245":"S","3246":",","3247":"G","3248":"A","3249":"A","3250":"G","3251":";","3252":"M","3253":"A","3254":"C","3255":"n","3256":"B","3257":",","3258":"M","3259":"A","3260":"A","3261":"M","3262":",","3263":"C","3264":"A","3265":"A","3266":"C","3267":",","3268":"I","3269":"A","3270":"A","3271":"I","3272":",","3273":"C","3274":"A","3275":"A","3276":"C","3277":",","3278":"Q","3279":"A","3280":"A","3281":"Q","3282":",","3283":"C","3284":"A","3285":"A","3286":"C","3287":",","3288":"C","3289":"A","3290":"A","3291":"C","3292":",","3293":"O","3294":"A","3295":"A","3296":"O","3297":",","3298":"C","3299":"A","3300":"A","3301":"E","3302":",","3303":"G","3304":"A","3305":"A","3306":"G","3307":",","3308":"I","3309":"A","3310":"A","3311":"M","3312":",","3313":"Q","3314":"A","3315":"A","3316":"Q","3317":",","3318":"C","3319":"A","3320":"A","3321":"C","3322":",","3323":"G","3324":"A","3325":"A","3326":"G","3327":",","3328":"C","3329":"A","3330":"A","3331":"C","3332":",","3333":"G","3334":"A","3335":"A","3336":"G","3337":",","3338":"E","3339":"A","3340":"A","3341":"G","3342":",","3343":"C","3344":"A","3345":"A","3346":"C","3347":";","3348":"M","3349":"A","3350":"C","3351":"5","3352":"D","3353":",","3354":"M","3355":"A","3356":"A","3357":"M","3358":",","3359":"C","3360":"A","3361":"A","3362":"C","3363":",","3364":"I","3365":"A","3366":"A","3367":"I","3368":",","3369":"C","3370":"A","3371":"A","3372":"C","3373":",","3374":"a","3375":"A","3376":"A","3377":"a","3378":",","3379":"C","3380":"A","3381":"A","3382":"C","3383":",","3384":"C","3385":"A","3386":"A","3387":"C","3388":",","3389":"O","3390":"A","3391":"A","3392":"O","3393":",","3394":"C","3395":"A","3396":"A","3397":"E","3398":",","3399":"G","3400":"A","3401":"A","3402":"G","3403":",","3404":"I","3405":"A","3406":"A","3407":"M","3408":",","3409":"a","3410":"A","3411":"A","3412":"a","3413":",","3414":"C","3415":"A","3416":"A","3417":"C","3418":",","3419":"G","3420":"A","3421":"A","3422":"G","3423":",","3424":"C","3425":"A","3426":"A","3427":"C","3428":",","3429":"G","3430":"A","3431":"A","3432":"G","3433":",","3434":"K","3435":"A","3436":"A","3437":"M","3438":",","3439":"C","3440":"A","3441":"A","3442":"C","3443":";","3444":"M","3445":"A","3446":"C","3447":"z","3448":"E","3449":",","3450":"W","3451":"A","3452":"A","3453":"W","3454":",","3455":"C","3456":"A","3457":"A","3458":"C","3459":",","3460":"K","3461":"A","3462":"A","3463":"K","3464":",","3465":"G","3466":"A","3467":"A","3468":"G","3469":",","3470":"E","3471":"A","3472":"A","3473":"E","3474":";","3475":"I","3476":"A","3477":"C","3478":"x","3479":"B","3480":";","3481":"I","3482":"A","3483":"E","3484":"A","3485":",","3486":"e","3487":"A","3488":"A","3489":"e","3490":",","3491":"U","3492":"A","3493":"A","3494":"U","3495":",","3496":"G","3497":"A","3498":"A","3499":"G","3500":";","3501":"M","3502":"A","3503":"C","3504":"1","3505":"B","3506":",","3507":"c","3508":"A","3509":"A","3510":"c","3511":",","3512":"C","3513":"A","3514":"A","3515":"C","3516":",","3517":"C","3518":"A","3519":"A","3520":"C","3521":";","3522":"M","3523":"A","3524":"C","3525":"h","3526":"B","3527":",","3528":"I","3529":"A","3530":"A","3531":"I","3532":",","3533":"C","3534":"A","3535":"A","3536":"C","3537":",","3538":"W","3539":"A","3540":"A","3541":"W","3542":",","3543":"C","3544":"A","3545":"A","3546":"C","3547":",","3548":"K","3549":"A","3550":"A","3551":"K","3552":",","3553":"E","3554":"A","3555":"A","3556":"E","3557":";","3558":"M","3559":"A","3560":"E","3561":"x","3562":"B","3563":",","3564":"I","3565":"A","3566":"A","3567":"I","3568":";","3569":"Q","3570":"A","3571":"C","3572":"F","3573":",","3574":"M","3575":"A","3576":"A","3577":"M","3578":",","3579":"U","3580":"A","3581":"A","3582":"U","3583":",","3584":"C","3585":"A","3586":"A","3587":"C","3588":",","3589":"O","3590":"A","3591":"A","3592":"O","3593":",","3594":"C","3595":"A","3596":"A","3597":"C","3598":";","3599":"U","3600":"A","3601":"A","3602":"E","3603":",","3604":"G","3605":"A","3606":"A","3607":"G","3608":";","3609":"Q","3610":"A","3611":"A","3612":"S","3613":",","3614":"C","3615":"A","3616":"A","3617":"C","3618":",","3619":"C","3620":"A","3621":"A","3622":"C","3623":";","3624":"Q","3625":"A","3626":"C","3627":"z","3628":"C","3629":",","3630":"c","3631":"A","3632":"A","3633":"c","3634":",","3635":"C","3636":"A","3637":"A","3638":"C","3639":",","3640":"K","3641":"A","3642":"A","3643":"K","3644":",","3645":"G","3646":"A","3647":"A","3648":"G","3649":",","3650":"Y","3651":"A","3652":"A","3653":"Y","3654":";","3655":"Q","3656":"A","3657":"C","3658":"n","3659":"C","3660":",","3661":"U","3662":"A","3663":"A","3664":"U","3665":",","3666":"C","3667":"A","3668":"A","3669":"C","3670":",","3671":"M","3672":"A","3673":"A","3674":"M","3675":";","3676":"U","3677":"A","3678":"C","3679":"f","3680":",","3681":"c","3682":"A","3683":"A","3684":"c","3685":",","3686":"C","3687":"A","3688":"A","3689":"C","3690":",","3691":"K","3692":"A","3693":"A","3694":"K","3695":",","3696":"G","3697":"A","3698":"A","3699":"G","3700":",","3701":"E","3702":"A","3703":"A","3704":"E","3705":";","3706":"U","3707":"A","3708":"C","3709":"z","3710":"B","3711":",","3712":"M","3713":"A","3714":"A","3715":"M","3716":",","3717":"C","3718":"A","3719":"A","3720":"C","3721":",","3722":"I","3723":"A","3724":"A","3725":"I","3726":",","3727":"C","3728":"A","3729":"A","3730":"C","3731":",","3732":"G","3733":"A","3734":"A","3735":"G","3736":",","3737":"C","3738":"A","3739":"A","3740":"C","3741":";","3742":"Q","3743":"A","3744":"C","3745":"l","3746":"B","3747":",","3748":"C","3749":"A","3750":"A","3751":"C","3752":",","3753":"E","3754":"A","3755":"A","3756":"E","3757":",","3758":"I","3759":"A","3760":"A","3761":"I","3762":",","3763":"C","3764":"A","3765":"A","3766":"C","3767":";","3768":"Q","3769":"A","3770":"C","3771":"R","3772":",","3773":"S","3774":"A","3775":"A","3776":"S","3777":",","3778":"C","3779":"A","3780":"A","3781":"C","3782":",","3783":"C","3784":"A","3785":"A","3786":"C","3787":";","3788":"M","3789":"A","3790":"C","3791":"b","3792":",","3793":"C","3794":"A","3795":"A","3796":"C","3797":",","3798":"C","3799":"A","3800":"A","3801":"C","3802":",","3803":"O","3804":"A","3805":"A","3806":"O","3807":",","3808":"K","3809":"A","3810":"A","3811":"K","3812":",","3813":"E","3814":"A","
[...]
997":" ","11998":"c","11999":"e","12000":"n","12001":"t","12002":"e","12003":"r","12004":";","12005":"\\","12006":"n","12007":" ","12008":" ","12009":"a","12010":"l","12011":"i","12012":"g","12013":"n","12014":"-","12015":"i","12016":"t","12017":"e","12018":"m","12019":"s","12020":":","12021":" ","12022":"c","12023":"e","12024":"n","12025":"t","12026":"e","12027":"r","12028":";","12029":"\\","12030":"n","12031":" ","12032":" ","12033":"m","12034":"i","12035":"n","12036":"-","12037":"h","12038":"e","12039":"i","12040":"g","12041":"h","12042":"t","12043":":","12044":" ","12045":"1","12046":"0","12047":"0","12048":"v","12049":"h","12050":";","12051":"\\","12052":"n","12053":" ","12054":" ","12055":"b","12056":"a","12057":"c","12058":"k","12059":"g","12060":"r","12061":"o","12062":"u","12063":"n","12064":"d","12065":"-","12066":"c","12067":"o","12068":"l","12069":"o","12070":"r","12071":":","12072":" ","12073":"#","12074":"1","12075":"2","12076":"1","12077":"2","12078":"1","12079":"2","12080":";","12081":"\\","12082":"n","12083":" ","12084":" ","12085":"p","12086":"a","12087":"d","12088":"d","12089":"i","12090":"n","12091":"g","12092":":","12093":" ","12094":"2","12095":"0","12096":"p","12097":"x","12098":";","12099":"\\","12100":"n","12101":"}","12102":"\\","12103":"n","12104":"\\","12105":"n","12106":".","12107":"f","12108":"o","12109":"r","12110":"m","12111":" ","12112":"{","12113":"\\","12114":"n","12115":" ","12116":" ","12117":"b","12118":"a","12119":"c","12120":"k","12121":"g","12122":"r","12123":"o","12124":"u","12125":"n","12126":"d","12127":"-","12128":"c","12129":"o","12130":"l","12131":"o","12132":"r","12133":":","12134":" ","12135":"#","12136":"1","12137":"e","12138":"1","12139":"e","12140":"1","12141":"e","12142":";","12143":"\\","12144":"n","12145":" ","12146":" ","12147":"b","12148":"o","12149":"r","12150":"d","12151":"e","12152":"r","12153":"-","12154":"r","12155":"a","12156":"d","12157":"i","12158":"u","12159":"s","12160":":","12161":" ","12162":"1","12163":"0","12164":"p","12165":"x","12166":";","12167":"\\","12168":"n","12169":" ","12170":" ","12171":"p","12172":"a","12173":"d","12174":"d","12175":"i","12176":"n","12177":"g","12178":":","12179":" ","12180":"3","12181":"0","12182":"p","12183":"x","12184":";","12185":"\\","12186":"n","12187":" ","12188":" ","12189":"w","12190":"i","12191":"d","12192":"t","12193":"h","12194":":","12195":" ","12196":"1","12197":"0","12198":"0","12199":"%","12200":";","12201":"\\","12202":"n","12203":" ","12204":" ","12205":"m","12206":"a","12207":"x","12208":"-","12209":"w","12210":"i","12211":"d","12212":"t","12213":"h","12214":":","12215":" ","12216":"5","12217":"0","12218":"0","12219":"p","12220":"x","12221":";","12222":"\\","12223":"n","12224":" ","12225":" ","12226":"b","12227":"o","12228":"x","12229":"-","12230":"s","12231":"h","12232":"a","12233":"d","12234":"o","12235":"w","12236":":","12237":" ","12238":"0","12239":" ","12240":"4","12241":"p","12242":"x","12243":" ","12244":"2","12245":"0","12246":"p","12247":"x","12248":" ","12249":"r","12250":"g","12251":"b","12252":"a","12253":"(","12254":"0","12255":",","12256":" ","12257":"0","12258":",","12259":" ","12260":"0","12261":",","12262":" ","12263":"0","12264":".","12265":"3","12266":")","12267":";","12268":"\\","12269":"n","12270":"}","12271":"\\","12272":"n","12273":"\\","12274":"n","12275":".","12276":"f","12277":"o","12278":"r","12279":"m","12280":"-","12281":"t","12282":"i","12283":"t","12284":"l","12285":"e","12286":" ","12287":"{","12288":"\\","12289":"n","12290":" ","12291":" ","12292":"c","12293":"o","12294":"l","12295":"o","12296":"r","12297":":","12298":" ","12299":"#","12300":"f","12301":"f","12302":"f","12303":"f","12304":"f","12305":"f","12306":";","12307":"\\","12308":"n","12309":" ","12310":" ","12311":"t","12312":"e","12313":"x","12314":"t","12315":"-","12316":"a","12317":"l","12318":"i","12319":"g","12320":"n","12321":":","12322":" ","12323":"c","12324":"e","12325":"n","12326":"t","12327":"e","12328":"r","12329":";","12330":"\\","12331":"n","12332":" ","12333":" ","12334":"m","12335":"a","12336":"r","12337":"g","12338":"i","12339":"n","12340":"-","12341":"b","12342":"o","12343":"t","12344":"t","12345":"o","12346":"m","12347":":","12348":" ","12349":"2","12350":"5","12351":"p","12352":"x","12353":";","12354":"\\","12355":"n","12356":" ","12357":" ","12358":"f","12359":"o","12360":"n","12361":"t","12362":"-","12363":"s","12364":"i","12365":"z","12366":"e","12367":":","12368":" ","12369":"2","12370":"4","12371":"p","12372":"x","12373":";","12374":"\\","12375":"n","12376":"}","12377":"\\","12378":"n","12379":"\\","12380":"n","12381":".","12382":"f","12383":"o","12384":"r","12385":"m","12386":"-","12387":"g","12388":"r","12389":"o","12390":"u","12391":"p","12392":" ","12393":"{","12394":"\\","12395":"n","12396":" ","12397":" ","12398":"m","12399":"a","12400":"r","12401":"g","12402":"i","12403":"n","12404":"-","12405":"b","12406":"o","12407":"t","12408":"t","12409":"o","12410":"m","12411":":","12412":" ","12413":"2","12414":"0","12415":"p","12416":"x","12417":";","12418":"\\","12419":"n","12420":"}","12421":"\\","12422":"n","12423":"\\","12424":"n","12425":".","12426":"f","12427":"o","12428":"r","12429":"m","12430":"-","12431":"g","12432":"r","12433":"o","12434":"u","12435":"p","12436":" ","12437":"l","12438":"a","12439":"b","12440":"e","12441":"l","12442":" ","12443":"{","12444":"\\","12445":"n","12446":" ","12447":" ","12448":"d","12449":"i","12450":"s","12451":"p","12452":"l","12453":"a","12454":"y","12455":":","12456":" ","12457":"b","12458":"l","12459":"o","12460":"c","12461":"k","12462":";","12463":"\\","12464":"n","12465":" ","12466":" ","12467":"m","12468":"a","12469":"r","12470":"g","12471":"i","12472":"n","12473":"-","12474":"b","12475":"o","12476":"t","12477":"t","12478":"o","12479":"m","12480":":","12481":" ","12482":"8","12483":"p","12484":"x","12485":";","12486":"\\","12487":"n","12488":" ","12489":" ","12490":"c","12491":"o","12492":"l","12493":"o","12494":"r","12495":":","12496":" ","12497":"#","12498":"b","12499":"b","12500":"8","12501":"6","12502":"f","12503":"c","12504":";","12505":"\\","12506":"n","12507":" ","12508":" ","12509":"f","12510":"o","12511":"n","12512":"t","12513":"-","12514":"w","12515":"e","12516":"i","12517":"g","12518":"h","12519":"t","12520":":","12521":" ","12522":"5","12523":"0","12524":"0","12525":";","12526":"\\","12527":"n","12528":"}","12529":"\\","12530":"n","12531":"\\","12532":"n","12533":".","12534":"f","12535":"o","12536":"r","12537":"m","12538":"-","12539":"i","12540":"n","12541":"p","12542":"u","12543":"t","12544":" ","12545":"{","12546":"\\","12547":"n","12548":" ","12549":" ","12550":"w","12551":"i","12552":"d","12553":"t","12554":"h","12555":":","12556":" ","12557":"1","12558":"0","12559":"0","12560":"%","12561":";","12562":"\\","12563":"n","12564":" ","12565":" ","12566":"p","12567":"a","12568":"d","12569":"d","12570":"i","12571":"n","12572":"g","12573":":","12574":" ","12575":"1","12576":"2","12577":"p","12578":"x","12579":";","12580":"\\","12581":"n","12582":" ","12583":" ","12584":"b","12585":"o","12586":"r","12587":"d","12588":"e","12589":"r","12590":"-","12591":"r","12592":"a","12593":"d","12594":"i","12595":"u","12596":"s","12597":":","12598":" ","12599":"5","12600":"p","12601":"x","12602":";","12603":"\\","12604":"n","12605":" ","12606":" ","12607":"b","12608":"o","12609":"r","12610":"d","12611":"e","12612":"r","12613":":","12614":" ","12615":"1","12616":"p","12617":"x","12618":" ","12619":"s","12620":"o","12621":"l","12622":"i","12623":"d","12624":" ","12625":"#","12626":"3","12627":"3","12628":"3","12629":";","12630":"\\","12631":"n","12632":" ","12633":" ","12634":"b","12635":"a","12636":"c","12637":"k","12638":"g","12639":"r","12640":"o","12641":"u","12642":"n","12643":"d","12644":"-","12645":"c","12646":"o","12647":"l","12648":"o","12649":"r","12650":":","12651":" ","12652":"#","12653":"2","12654":"d","12655":"2","12656":"d","12657":"2","12658":"d","12659":";","12660":"\\","12661":"n","12662":" ","12663":" ","12664":"c","12665":"o","12666":"l","12667":"o","12668":"r","12669":":","12670":" ","12671":"#","12672":"f","12673":"f","12674":"f","12675":"f","12676":"f","12677":"f","12678":";","12679":"\\","12680":"n","12681":" ","12682":" ","12683":"f","12684":"o","12685":"n","12686":"t","12687":"-","12688":"s","12689":"i","12690":"z","12691":"e","12692":":","12693":" ","12694":"1","12695":"6","12696":"p","12697":"x","12698":";","12699":"\\","12700":"n","12701":" ","12702":" ","12703":"t","12704":"r","12705":"a","12706":"n","12707":"s","12708":"i","12709":"t","12710":"i","12711":"o","12712":"n","12713":":","12714":" ","12715":"b","12716":"o","12717":"r","12718":"d","12719":"e","12720":"r","12721":"-","12722":"c","12723":"o","12724":"l","12725":"o","12726":"r","12727":" ","12728":"0","12729":".","12730":"3","12731":"s","12732":";","12733":"\\","12734":"n","12735":"}","12736":"\\","12737":"n","12738":"\\","12739":"n","12740":".","12741":"f","12742":"o","12743":"r","12744":"m","12745":"-","12746":"i","12747":"n","12748":"p","12749":"u","12750":"t","12751":":","12752":"f","12753":"o","12754":"c","12755":"u","12756":"s","12757":" ","12758":"{","12759":"\\","12760":"n","12761":" ","12762":" ","12763":"o","12764":"u","12765":"t","12766":"l","12767":"i","12768":"n","12769":"e","12770":":","12771":" ","12772":"n","12773":"o","12774":"n","12775":"e","12776":";","12777":"\\","12778":"n","12779":" ","12780":" ","12781":"b","12782":"o","12783":"r","12784":"d","12785":"e","12786":"r","12787":"-","12788":"c","12789":"o","12790":"l","12791":"o","12792":"r","12793":":","12794":" ","12795":"#","12796":"b","12797":"b","12798":"8","12799":"6","12800":"f","12801":"c","12802":";","12803":"\\","12804":"n","12805":"}","12806":"\\","12807":"n","12808":"\\","12809":"n","12810":".","12811":"e","12812":"r","12813":"r","12814":"o","12815":"r","12816":"-","12817":"m","12818":"e","12819":"s","12820":"s","12821":"a","12822":"g","12823":"e","12824":" ","12825":"{","12826":"\\","12827":"n","12828":" ","12829":" ","12830":"c","12831":"o","12832":"l","12833":"o","12834":"r","12835":":","12836":" ","12837":"#","12838":"f","12839":"f","12840":"5","12841":"2","12842":"5","12843":"2","12844":";","12845":"\\","12846":"n","12847":" ","12848":" ","12849":"f","12850":"o","12851":"n","12852":"t","12853":"-","12854":"s","12855":"i","12856":"z","12857":"e","12858":":","12859":" ","12860":"1","12861":"4","12862":"p","12863":"x","12864":";","12865":"\\","12866":"n","12867":" ","12868":" ","12869":"m","12870":"a","12871":"r","12872":"g","12873":"i","12874":"n","12875":"-","12876":"t","12877":"o","12878":"p","12879":":","12880":" ","12881":"5","12882":"p","12883":"x","12884":";","12885":"\\","12886":"n","12887":"}","12888":"\\","12889":"n","12890":"\\","12891":"n","12892":".","12893":"f","12894":"o","12895":"r","12896":"m","12897":"-","12898":"b","12899":"u","12900":"t","12901":"t","12902":"o","12903":"n","12904":" ","12905":"{","12906":"\\","12907":"n","12908":" ","12909":" ","12910":"w","12911":"i","12912":"d","12913":"t","12914":"h","12915":":","12916":" ","12917":"1","12918":"0","12919":"0","12920":"%","12921":";","12922":"\\","12923":"n","12924":" ","12925":" ","12926":"p","12927":"a","12928":"d","12929":"d","12930":"i","12931":"n","12932":"g","12933":":","12934":" ","12935":"1","12936":"2","12937":"p","12938":"x","12939":";","12940":"\\","12941":"n","12942":" ","12943":" ","12944":"b","12945":"a","12946":"c","12947":"k","12948":"g","12949":"r","12950":"o","12951":"u","12952":"n","12953":"d","12954":"-","12955":"c","12956":"o","12957":"l","12958":"o","12959":"r","12960":":","12961":" ","12962":"#","12963":"b","12964":"b","12965":"8","12966":"6","12967":"f","12968":"c","12969":";","12970":"\\","12971":"n","12972":" ","12973":" ","12974":"c","12975":"o","12976":"l","12977":"o","12978":"r","12979":":","12980":" ","12981":"#","12982":"f","12983":"f","12984":"f","12985":"f","12986":"f","12987":"f","12988":";","12989":"\\","12990":"n","12991":" ","12992":" ","12993":"b","12994":"o","12995":"r","12996":"d","12997":"e","12998":"r","12999":":","13000":" ","13001":"n","13002":"o","13003":"n","13004":"e","13005":";","13006":"\\","13007":"n","13008":" ","13009":" ","13010":"b","13011":"o","13012":"r","13013":"d","13014":"e","13015":"r","13016":"-","13017":"r","13018":"a","13019":"d","13020":"i","13021":"u","13022":"s","13023":":","13024":" ","13025":"5","13026":"p","13027":"x","13028":";","13029":"\\","13030":"n","13031":" ","13032":" ","13033":"f","13034":"o","13035":"n","13036":"t","13037":"-","13038":"s","13039":"i","13040":"z","13041":"e","13042":":","13043":" ","13044":"1","13045":"6","13046":"p","13047":"x","13048":";","13049":"\\","13050":"n","13051":" ","13052":" ","13053":"f","13054":"o","13055":"n","13056":"t","13057":"-","13058":"w","13059":"e","13060":"i","13061":"g","13062":"h","13063":"t","13064":":","13065":" ","13066":"6","13067":"0","13068":"0","13069":";","13070":"\\","13071":"n","13072":" ","13073":" ","13074":"c","13075":"u","13076":"r","13077":"s","13078":"o","13079":"r","13080":":","13081":" ","13082":"p","13083":"o","13084":"i","13085":"n","13086":"t","13087":"e","13088":"r","13089":";","13090":"\\","13091":"n","13092":" ","13093":" ","13094":"t","13095":"r","13096":"a","13097":"n","13098":"s","13099":"i","13100":"t","13101":"i","13102":"o","13103":"n","13104":":","13105":" ","13106":"b","13107":"a","13108":"c","13109":"k","13110":"g","13111":"r","13112":"o","13113":"u","13114":"n","13115":"d","13116":"-","13117":"c","13118":"o","13119":"l","13120":"o","13121":"r","13122":" ","13123":"0","13124":".","13125":"3","13126":"s","13127":";","13128":"\\","13129":"n","13130":"}","13131":"\\","13132":"n","13133":"\\","13134":"n","13135":".","13136":"f","13137":"o","13138":"r","13139":"m","13140":"-","13141":"b","13142":"u","13143":"t","13144":"t","13145":"o","13146":"n","13147":":","13148":"h","13149":"o","13150":"v","13151":"e","13152":"r","13153":" ","13154":"{","13155":"\\","13156":"n","13157":" ","13158":" ","13159":"b","13160":"a","13161":"c","13162":"k","13163":"g","13164":"r","13165":"o","13166":"u","13167":"n","13168":"d","13169":"-","13170":"c","13171":"o","13172":"l","13173":"o","13174":"r","13175":":","13176":" ","13177":"#","13178":"9","13179":"a","13180":"6","13181":"7","13182":"e","13183":"a","13184":";","13185":"\\","13186":"n","13187":"}","13188":"\\","13189":"n","13190":"\\","13191":"n","13192":".","13193":"f","13194":"o","13195":"r","13196":"m","13197":"-","13198":"b","13199":"u","13200":"t","13201":"t","13202":"o","13203":"n","13204":"-","13205":"-","13206":"d","13207":"i","13208":"s","13209":"a","13210":"b","13211":"l","13212":"e","13213":"d","13214":" ","13215":"{","13216":"\\","13217":"n","13218":" ","13219":" ","13220":"b","13221":"a","13222":"c","13223":"k","13224":"g","13225":"r","13226":"o","13227":"u","13228":"n","13229":"d","13230":"-","13231":"c","13232":"o","13233":"l","13234":"o","13235":"r","13236":":","13237":" ","13238":"#","13239":"4","13240":"4","13241":"4","13242":";","13243":"\\","13244":"n","13245":" ","13246":" ","13247":"c","13248":"u","13249":"r","13250":"s","13251":"o","13252":"r","13253":":","13254":" ","13255":"n","13256":"o","13257":"t","13258":"-","13259":"a","13260":"l","13261":"l","13262":"o","13263":"w","13264":"e","13265":"d","13266":";","13267":"\\","13268":"n","13269":"}","13270":"\\","13271":"n","13272":"\\","13273":"n","13274":".","13275":"t","13276":"o","13277":"a","13278":"s","13279":"t","13280":"e","13281":"r","13282":"-","13283":"m","13284":"e","13285":"s","13286":"s","13287":"a","13288":"g","13289":"e","13290":" ","13291":"{","13292":"\\","13293":"n","13294":" ","13295":" ","13296":"m","13297":"a","13298":"r","13299":"g","13300":"i","13301":"n","13302":"-","13303":"t","13304":"o","13305":"p","13306":":","13307":" ","13308":"2","13309":"0","13310":"p","13311":"x","13312":";","13313":"\\","13314":"n","13315":" ","13316":" ","13317":"p","13318":"a","13319":"d","13320":"d","13321":"i","13322":"n","13323":"g","13324":":","13325":" ","13326":"1","13327":"0","13328":"p","13329":"x","13330":";","13331":"\\","13332":"n","13333":" ","13334":" ","13335":"b","13336":"a","13337":"c","13338":"k","13339":"g","13340":"r","13341":"o","13342":"u","13343":"n","13344":"d","13345":"-","13346":"c","13347":"o","13348":"l","13349":"o","13350":"r","13351":":","13352":" ","13353":"#","13354":"3","13355":"8","13356":"8","13357":"e","13358":"3","13359":"c","13360":";","13361":"\\","13362":"n","13363":" ","13364":" ","13365":"c","13366":"o","13367":"l","13368":"o","13369":"r","13370":":","13371":" ","13372":"#","13373":"f","13374":"f","13375":"f","13376":"f","13377":"f","13378":"f","13379":";","13380":"\\","13381":"n","13382":" ","13383":" ","13384":"t","13385":"e","13386":"x","13387":"t","13388":"-","13389":"a","13390":"l","13391":"i","13392":"g","13393":"n","13394":":","13395":" ","13396":"c","13397":"e","13398":"n","13399":"t","13400":"e","13401":"r","13402":";","13403":"\\","13404":"n","13405":" ","13406":" ","13407":"b","13408":"o","13409":"r","13410":"d","13411":"e","13412":"r","13413":"-","13414":"r","13415":"a","13416":"d","13417":"i","13418":"u","13419":"s","13420":":","13421":" ","13422":"5","13423":"p","13424":"x","13425":";","13426":"\\","13427":"n","13428":"}","13429":"\\","13430":"n","13431":"\\","13432":"n","13433":".","13434":"b","13435":"a","13436":"c","13437":"k","13438":"-","13439":"l","13440":"i","13441":"n","13442":"k","13443":" ","13444":"{","13445":"\\","13446":"n","13447":" ","13448":" ","13449":"d","13450":"i","13451":"s","13452":"p","13453":"l","13454":"a","13455":"y","13456":":","13457":" ","13458":"b","13459":"l","13460":"o","13461":"c","13462":"k","13463":";","13464":"\\","13465":"n","13466":" ","13467":" ","13468":"t","13469":"e","13470":"x","13471":"t","13472":"-","13473":"a","13474":"l","13475":"i","13476":"g","13477":"n","13478":":","13479":" ","13480":"c","13481":"e","13482":"n","13483":"t","13484":"e","13485":"r","13486":";","13487":"\\","13488":"n","13489":" ","13490":" ","13491":"m","13492":"a","13493":"r","13494":"g","13495":"i","13496":"n","13497":"-","13498":"t","13499":"o","13500":"p","13501":":","13502":" ","13503":"2","13504":"0","13505":"p","13506":"x","13507":";","13508":"\\","13509":"n","13510":" ","13511":" ","13512":"c","13513":"o","13514":"l","13515":"o","13516":"r","13517":":","13518":" ","13519":"#","13520":"b","13521":"b","13522":"8","13523":"6","13524":"f","13525":"c","13526":";","13527":"\\","13528":"n","13529":" ","13530":" ","13531":"t","13532":"e","13533":"x","13534":"t","13535":"-","13536":"d","13537":"e","13538":"c","13539":"o","13540":"r","13541":"a","13542":"t","13543":"i","13544":"o","13545":"n","13546":":","13547":" ","13548":"n","13549":"o","13550":"n","13551":"e","13552":";","13553":"\\","13554":"n","13555":" ","13556":" ","13557":"f","13558":"o","13559":"n","13560":"t","13561":"-","13562":"w","13563":"e","13564":"i","13565":"g","13566":"h","13567":"t","13568":":","13569":" ","13570":"5","13571":"0","13572":"0","13573":";","13574":"\\","13575":"n","13576":"}","13577":"\\","13578":"n","13579":"\\","13580":"n","13581":".","13582":"b","13583":"a","13584":"c","13585":"k","13586":"-","13587":"l","13588":"i","13589":"n","13590":"k","13591":":","13592":"h","13593":"o","13594":"v","13595":"e","13596":"r","13597":" ","13598":"{","13599":"\\","13600":"n","13601":" ","13602":" ","13603":"t","13604":"e","13605":"x","13606":"t","13607":"-","13608":"d","13609":"e","13610":"c","13611":"o","13612":"r","13613":"a","13614":"t","13615":"i","13616":"o","13617":"n","13618":":","13619":" ","13620":"u","13621":"n","13622":"d","13623":"e","13624":"r","13625":"l","13626":"i","13627":"n","13628":"e","13629":";","13630":"\\","13631":"n","13632":"}","13633":"\\","13634":"n","13635":"<","13636":"/","13637":"s","13638":"t","13639":"y","13640":"l","13641":"e","13642":">","13643":"\"","13644":"]","13645":"}"},"_coverageSchema":"1a1c01bbd47fc00a2c39e90264f33305004495a9","hash":"a8b04a12a0beef602f2f1431ac6f2189f4704b7d"}
}
