TN:
SF:src/stores/users.js
FN:5,(anonymous_0)
FN:11,(anonymous_1)
FN:12,(anonymous_2)
FN:15,(anonymous_3)
FN:31,(anonymous_4)
FN:32,(anonymous_5)
FN:63,(anonymous_6)
FNF:7
FNH:7
FNDA:23,(anonymous_0)
FNDA:12,(anonymous_1)
FNDA:11,(anonymous_2)
FNDA:3,(anonymous_3)
FNDA:12,(anonymous_4)
FNDA:4,(anonymous_5)
FNDA:2,(anonymous_6)
DA:4,1
DA:5,23
DA:11,12
DA:12,11
DA:16,3
DA:17,3
DA:19,3
DA:20,3
DA:23,2
DA:25,1
DA:27,3
DA:32,12
DA:33,12
DA:34,4
DA:35,4
DA:38,8
DA:40,8
DA:42,8
DA:43,8
DA:45,3
DA:46,3
DA:48,3
DA:49,1
DA:50,1
DA:53,2
DA:54,1
DA:55,1
DA:58,1
DA:59,1
DA:64,2
LF:30
LH:30
BRDA:23,0,0,2
BRDA:23,0,1,1
BRDA:33,1,0,4
BRDA:33,1,1,8
BRDA:48,2,0,1
BRDA:48,2,1,2
BRDA:48,3,0,3
BRDA:48,3,1,1
BRDA:53,4,0,1
BRDA:53,4,1,1
BRF:10
BRH:10
end_of_record
TN:
SF:src/validators/module.js
FN:8,calculateAge
FNF:1
FNH:1
FNDA:93,calculateAge
DA:9,93
DA:10,3
DA:13,90
DA:14,76
DA:15,76
LF:5
LH:5
BRDA:9,0,0,3
BRDA:9,0,1,90
BRF:2
BRH:2
end_of_record
TN:
SF:src/validators/validator.js
FN:11,validateAdult
FN:28,validatePostalCode
FN:49,validateEmail
FN:74,validateIdentity
FNF:4
FNH:4
FNDA:75,validateAdult
FNDA:349,validatePostalCode
FNDA:350,validateEmail
FNDA:356,validateIdentity
DA:12,75
DA:14,75
DA:15,12
DA:18,63
DA:29,349
DA:30,236
DA:32,113
DA:33,1
DA:35,112
DA:36,73
DA:38,39
DA:50,350
DA:51,134
DA:53,216
DA:54,2
DA:57,214
DA:58,214
DA:59,116
DA:61,98
DA:75,356
DA:76,2
DA:78,354
DA:79,4
DA:82,350
DA:84,350
DA:85,101
DA:87,249
DA:88,16
DA:90,233
DA:91,2
DA:94,231
DA:95,231
DA:96,6
DA:98,225
DA:100,225
DA:101,5
DA:104,220
LF:37
LH:37
BRDA:14,0,0,12
BRDA:14,0,1,63
BRDA:29,1,0,236
BRDA:29,1,1,113
BRDA:29,2,0,349
BRDA:29,2,1,348
BRDA:29,2,2,347
BRDA:32,3,0,1
BRDA:32,3,1,112
BRDA:35,4,0,73
BRDA:35,4,1,39
BRDA:50,5,0,134
BRDA:50,5,1,216
BRDA:50,6,0,350
BRDA:50,6,1,349
BRDA:50,6,2,348
BRDA:53,7,0,2
BRDA:53,7,1,214
BRDA:58,8,0,116
BRDA:58,8,1,98
BRDA:75,9,0,2
BRDA:75,9,1,354
BRDA:75,10,0,356
BRDA:75,10,1,355
BRDA:78,11,0,4
BRDA:78,11,1,350
BRDA:78,12,0,354
BRDA:78,12,1,351
BRDA:84,13,0,101
BRDA:84,13,1,249
BRDA:87,14,0,16
BRDA:87,14,1,233
BRDA:90,15,0,2
BRDA:90,15,1,231
BRDA:90,16,0,233
BRDA:90,16,1,232
BRDA:94,17,0,231
BRDA:94,17,1,226
BRDA:95,18,0,6
BRDA:95,18,1,225
BRDA:100,19,0,5
BRDA:100,19,1,220
BRDA:100,20,0,225
BRDA:100,20,1,224
BRF:44
BRH:44
end_of_record
TN:
SF:src/views/UserForm.vue
FN:313,_toConsumableArray
FN:314,_nonIterableSpread
FN:315,_unsupportedIterableToArray
FN:316,_iterableToArray
FN:317,_arrayWithoutHoles
FN:318,_arrayLikeToArray
FN:388,render
FN:401,(anonymous_7)
FN:404,(anonymous_8)
FN:407,(anonymous_9)
FN:416,(anonymous_10)
FN:419,(anonymous_11)
FN:422,(anonymous_12)
FN:431,(anonymous_13)
FN:434,(anonymous_14)
FN:437,(anonymous_15)
FN:447,(anonymous_16)
FN:450,(anonymous_17)
FN:453,(anonymous_18)
FN:462,(anonymous_19)
FN:465,(anonymous_20)
FN:468,(anonymous_21)
FN:477,(anonymous_22)
FN:480,(anonymous_23)
FN:483,(anonymous_24)
FN:497,(anonymous_25)
FNF:26
FNH:23
FNDA:13,_toConsumableArray
FNDA:0,_nonIterableSpread
FNDA:0,_unsupportedIterableToArray
FNDA:0,_iterableToArray
FNDA:13,_arrayWithoutHoles
FNDA:13,_arrayLikeToArray
FNDA:354,render
FNDA:53,(anonymous_7)
FNDA:53,(anonymous_8)
FNDA:11,(anonymous_9)
FNDA:55,(anonymous_10)
FNDA:55,(anonymous_11)
FNDA:11,(anonymous_12)
FNDA:126,(anonymous_13)
FNDA:126,(anonymous_14)
FNDA:12,(anonymous_15)
FNDA:7,(anonymous_16)
FNDA:7,(anonymous_17)
FNDA:12,(anonymous_18)
FNDA:54,(anonymous_19)
FNDA:54,(anonymous_20)
FNDA:12,(anonymous_21)
FNDA:30,(anonymous_22)
FNDA:30,(anonymous_23)
FNDA:10,(anonymous_24)
FNDA:13,(anonymous_25)
DA:4,1
DA:7,1
DA:308,1
DA:311,1
DA:312,1
DA:313,13
DA:314,0
DA:315,0
DA:316,0
DA:317,13
DA:318,13
DA:319,1
DA:322,1
DA:325,1
DA:331,1
DA:334,1
DA:340,1
DA:343,1
DA:349,1
DA:352,1
DA:358,1
DA:361,1
DA:367,1
DA:370,1
DA:376,1
DA:377,1
DA:382,1
DA:389,354
DA:390,354
DA:402,53
DA:405,53
DA:408,11
DA:417,55
DA:420,55
DA:423,11
DA:432,126
DA:435,126
DA:438,12
DA:448,7
DA:451,7
DA:454,12
DA:463,54
DA:466,54
DA:469,12
DA:478,30
DA:481,30
DA:484,10
DA:498,13
DA:502,1
LF:49
LH:46
BRDA:313,0,0,13
BRDA:313,0,1,0
BRDA:313,0,2,0
BRDA:313,0,3,0
BRDA:315,1,0,0
BRDA:315,1,1,0
BRDA:315,2,0,0
BRDA:315,2,1,0
BRDA:315,3,0,0
BRDA:315,3,1,0
BRDA:315,3,2,0
BRDA:315,4,0,0
BRDA:315,4,1,0
BRDA:315,5,0,0
BRDA:315,5,1,0
BRDA:315,6,0,0
BRDA:315,6,1,0
BRDA:315,7,0,0
BRDA:315,7,1,0
BRDA:316,8,0,0
BRDA:316,8,1,0
BRDA:316,9,0,0
BRDA:316,9,1,0
BRDA:316,9,2,0
BRDA:317,10,0,13
BRDA:317,10,1,0
BRDA:318,11,0,13
BRDA:318,11,1,0
BRDA:318,11,2,13
BRDA:394,12,0,354
BRDA:394,12,1,13
BRDA:396,13,0,354
BRDA:396,13,1,13
BRDA:401,14,0,354
BRDA:401,14,1,13
BRDA:404,15,0,354
BRDA:404,15,1,13
BRDA:407,16,0,354
BRDA:407,16,1,13
BRDA:411,17,0,59
BRDA:411,17,1,295
BRDA:411,18,0,354
BRDA:411,18,1,282
BRDA:411,19,0,354
BRDA:411,19,1,13
BRDA:416,20,0,354
BRDA:416,20,1,13
BRDA:419,21,0,354
BRDA:419,21,1,13
BRDA:422,22,0,354
BRDA:422,22,1,13
BRDA:426,23,0,38
BRDA:426,23,1,316
BRDA:426,24,0,354
BRDA:426,24,1,261
BRDA:426,25,0,354
BRDA:426,25,1,13
BRDA:431,26,0,354
BRDA:431,26,1,13
BRDA:434,27,0,354
BRDA:434,27,1,13
BRDA:437,28,0,354
BRDA:437,28,1,13
BRDA:441,29,0,118
BRDA:441,29,1,236
BRDA:441,30,0,354
BRDA:441,30,1,219
BRDA:441,31,0,354
BRDA:441,31,1,13
BRDA:447,32,0,354
BRDA:447,32,1,13
BRDA:450,33,0,354
BRDA:450,33,1,13
BRDA:453,34,0,354
BRDA:453,34,1,13
BRDA:457,35,0,63
BRDA:457,35,1,291
BRDA:457,36,0,354
BRDA:457,36,1,129
BRDA:457,37,0,354
BRDA:457,37,1,13
BRDA:462,38,0,354
BRDA:462,38,1,13
BRDA:465,39,0,354
BRDA:465,39,1,13
BRDA:468,40,0,354
BRDA:468,40,1,13
BRDA:472,41,0,75
BRDA:472,41,1,279
BRDA:472,42,0,354
BRDA:472,42,1,117
BRDA:472,43,0,354
BRDA:472,43,1,13
BRDA:477,44,0,354
BRDA:477,44,1,13
BRDA:480,45,0,354
BRDA:480,45,1,13
BRDA:483,46,0,354
BRDA:483,46,1,13
BRDA:487,47,0,51
BRDA:487,47,1,303
BRDA:487,48,0,354
BRDA:487,48,1,84
BRDA:493,49,0,3
BRDA:493,49,1,351
BRDA:493,50,0,38
BRDA:493,50,1,316
BRDA:498,51,0,13
BRDA:498,51,1,13
BRF:109
BRH:84
end_of_record
