TN:
SF:src/stores/users.js
FN:4,(anonymous_0)
FN:9,(anonymous_1)
FN:10,(anonymous_2)
FN:13,(anonymous_3)
FN:14,(anonymous_4)
FN:23,(anonymous_5)
FNF:6
FNH:6
FNDA:14,(anonymous_0)
FNDA:2,(anonymous_1)
FNDA:4,(anonymous_2)
FNDA:7,(anonymous_3)
FNDA:3,(anonymous_4)
FNDA:1,(anonymous_5)
DA:3,1
DA:4,14
DA:9,2
DA:10,4
DA:14,7
DA:15,7
DA:16,3
DA:17,3
DA:19,4
DA:20,4
DA:21,4
DA:24,1
LF:12
LH:12
BRDA:5,0,0,14
BRDA:5,0,1,12
BRDA:15,1,0,3
BRDA:15,1,1,4
BRF:4
BRH:4
end_of_record
TN:
SF:src/validators/module.js
FN:8,calculateAge
FNF:1
FNH:1
FNDA:71,calculateAge
DA:9,71
DA:10,3
DA:13,68
DA:14,54
DA:15,54
LF:5
LH:5
BRDA:9,0,0,3
BRDA:9,0,1,68
BRF:2
BRH:2
end_of_record
TN:
SF:src/validators/validator.js
FN:11,validateAdult
FN:28,validatePostalCode
FN:49,validateEmail
FN:74,validateIdentity
FNF:4
FNH:4
FNDA:53,validateAdult
FNDA:283,validatePostalCode
FNDA:284,validateEmail
FNDA:290,validateIdentity
DA:12,53
DA:14,53
DA:15,12
DA:18,41
DA:29,283
DA:30,190
DA:32,93
DA:33,1
DA:35,92
DA:36,65
DA:38,27
DA:50,284
DA:51,115
DA:53,169
DA:54,2
DA:57,167
DA:58,167
DA:59,97
DA:61,70
DA:75,290
DA:76,2
DA:78,288
DA:79,4
DA:82,284
DA:84,284
DA:85,108
DA:87,176
DA:88,2
DA:91,174
DA:92,174
DA:93,6
DA:95,168
DA:97,168
DA:98,5
DA:101,163
LF:35
LH:35
BRDA:14,0,0,12
BRDA:14,0,1,41
BRDA:29,1,0,190
BRDA:29,1,1,93
BRDA:29,2,0,283
BRDA:29,2,1,282
BRDA:29,2,2,281
BRDA:32,3,0,1
BRDA:32,3,1,92
BRDA:35,4,0,65
BRDA:35,4,1,27
BRDA:50,5,0,115
BRDA:50,5,1,169
BRDA:50,6,0,284
BRDA:50,6,1,283
BRDA:50,6,2,282
BRDA:53,7,0,2
BRDA:53,7,1,167
BRDA:58,8,0,97
BRDA:58,8,1,70
BRDA:75,9,0,2
BRDA:75,9,1,288
BRDA:75,10,0,290
BRDA:75,10,1,289
BRDA:78,11,0,4
BRDA:78,11,1,284
BRDA:78,12,0,288
BRDA:78,12,1,285
BRDA:84,13,0,108
BRDA:84,13,1,176
BRDA:84,14,0,284
BRDA:84,14,1,192
BRDA:87,15,0,2
BRDA:87,15,1,174
BRDA:87,16,0,176
BRDA:87,16,1,175
BRDA:91,17,0,174
BRDA:91,17,1,169
BRDA:92,18,0,6
BRDA:92,18,1,168
BRDA:97,19,0,5
BRDA:97,19,1,163
BRDA:97,20,0,168
BRDA:97,20,1,167
BRF:44
BRH:44
end_of_record
TN:
SF:src/views/UserForm.vue
FN:313,_toConsumableArray
FN:314,_nonIterableSpread
FN:315,_unsupportedIterableToArray
FN:316,_iterableToArray
FN:317,_arrayWithoutHoles
FN:318,_arrayLikeToArray
FN:388,render
FN:401,(anonymous_7)
FN:404,(anonymous_8)
FN:407,(anonymous_9)
FN:416,(anonymous_10)
FN:419,(anonymous_11)
FN:422,(anonymous_12)
FN:431,(anonymous_13)
FN:434,(anonymous_14)
FN:437,(anonymous_15)
FN:447,(anonymous_16)
FN:450,(anonymous_17)
FN:453,(anonymous_18)
FN:462,(anonymous_19)
FN:465,(anonymous_20)
FN:468,(anonymous_21)
FN:477,(anonymous_22)
FN:480,(anonymous_23)
FN:483,(anonymous_24)
FN:497,(anonymous_25)
FNF:26
FNH:23
FNDA:14,_toConsumableArray
FNDA:0,_nonIterableSpread
FNDA:0,_unsupportedIterableToArray
FNDA:0,_iterableToArray
FNDA:14,_arrayWithoutHoles
FNDA:14,_arrayLikeToArray
FNDA:287,render
FNDA:43,(anonymous_7)
FNDA:43,(anonymous_8)
FNDA:9,(anonymous_9)
FNDA:45,(anonymous_10)
FNDA:45,(anonymous_11)
FNDA:9,(anonymous_12)
FNDA:101,(anonymous_13)
FNDA:101,(anonymous_14)
FNDA:10,(anonymous_15)
FNDA:5,(anonymous_16)
FNDA:5,(anonymous_17)
FNDA:10,(anonymous_18)
FNDA:44,(anonymous_19)
FNDA:44,(anonymous_20)
FNDA:10,(anonymous_21)
FNDA:20,(anonymous_22)
FNDA:20,(anonymous_23)
FNDA:8,(anonymous_24)
FNDA:14,(anonymous_25)
DA:4,1
DA:7,1
DA:308,1
DA:311,1
DA:312,1
DA:313,14
DA:314,0
DA:315,0
DA:316,0
DA:317,14
DA:318,14
DA:319,1
DA:322,1
DA:325,1
DA:331,1
DA:334,1
DA:340,1
DA:343,1
DA:349,1
DA:352,1
DA:358,1
DA:361,1
DA:367,1
DA:370,1
DA:376,1
DA:377,1
DA:382,1
DA:389,287
DA:390,287
DA:402,43
DA:405,43
DA:408,9
DA:417,45
DA:420,45
DA:423,9
DA:432,101
DA:435,101
DA:438,10
DA:448,5
DA:451,5
DA:454,10
DA:463,44
DA:466,44
DA:469,10
DA:478,20
DA:481,20
DA:484,8
DA:498,14
DA:502,1
LF:49
LH:46
BRDA:313,0,0,14
BRDA:313,0,1,0
BRDA:313,0,2,0
BRDA:313,0,3,0
BRDA:315,1,0,0
BRDA:315,1,1,0
BRDA:315,2,0,0
BRDA:315,2,1,0
BRDA:315,3,0,0
BRDA:315,3,1,0
BRDA:315,3,2,0
BRDA:315,4,0,0
BRDA:315,4,1,0
BRDA:315,5,0,0
BRDA:315,5,1,0
BRDA:315,6,0,0
BRDA:315,6,1,0
BRDA:315,7,0,0
BRDA:315,7,1,0
BRDA:316,8,0,0
BRDA:316,8,1,0
BRDA:316,9,0,0
BRDA:316,9,1,0
BRDA:316,9,2,0
BRDA:317,10,0,14
BRDA:317,10,1,0
BRDA:318,11,0,14
BRDA:318,11,1,0
BRDA:318,11,2,14
BRDA:394,12,0,287
BRDA:394,12,1,14
BRDA:396,13,0,287
BRDA:396,13,1,14
BRDA:401,14,0,287
BRDA:401,14,1,14
BRDA:404,15,0,287
BRDA:404,15,1,14
BRDA:407,16,0,287
BRDA:407,16,1,14
BRDA:411,17,0,49
BRDA:411,17,1,238
BRDA:411,18,0,287
BRDA:411,18,1,213
BRDA:411,19,0,287
BRDA:411,19,1,14
BRDA:416,20,0,287
BRDA:416,20,1,14
BRDA:419,21,0,287
BRDA:419,21,1,14
BRDA:422,22,0,287
BRDA:422,22,1,14
BRDA:426,23,0,38
BRDA:426,23,1,249
BRDA:426,24,0,287
BRDA:426,24,1,202
BRDA:426,25,0,287
BRDA:426,25,1,14
BRDA:431,26,0,287
BRDA:431,26,1,14
BRDA:434,27,0,287
BRDA:434,27,1,14
BRDA:437,28,0,287
BRDA:437,28,1,14
BRDA:441,29,0,99
BRDA:441,29,1,188
BRDA:441,30,0,287
BRDA:441,30,1,170
BRDA:441,31,0,287
BRDA:441,31,1,14
BRDA:447,32,0,287
BRDA:447,32,1,14
BRDA:450,33,0,287
BRDA:450,33,1,14
BRDA:453,34,0,287
BRDA:453,34,1,14
BRDA:457,35,0,63
BRDA:457,35,1,224
BRDA:457,36,0,287
BRDA:457,36,1,105
BRDA:457,37,0,287
BRDA:457,37,1,14
BRDA:462,38,0,287
BRDA:462,38,1,14
BRDA:465,39,0,287
BRDA:465,39,1,14
BRDA:468,40,0,287
BRDA:468,40,1,14
BRDA:472,41,0,67
BRDA:472,41,1,220
BRDA:472,42,0,287
BRDA:472,42,1,95
BRDA:472,43,0,287
BRDA:472,43,1,14
BRDA:477,44,0,287
BRDA:477,44,1,14
BRDA:480,45,0,287
BRDA:480,45,1,14
BRDA:483,46,0,287
BRDA:483,46,1,14
BRDA:487,47,0,51
BRDA:487,47,1,236
BRDA:487,48,0,287
BRDA:487,48,1,72
BRDA:493,49,0,2
BRDA:493,49,1,285
BRDA:493,50,0,38
BRDA:493,50,1,249
BRDA:498,51,0,14
BRDA:498,51,1,14
BRF:109
BRH:84
end_of_record
