<?xml version="1.0" encoding="UTF-8"?>
<coverage generated="1770401173236" clover="3.2.0">
  <project timestamp="1770401173236" name="All files">
    <metrics statements="40" coveredstatements="40" conditionals="46" coveredconditionals="46" methods="5" coveredmethods="5" elements="91" coveredelements="91" complexity="0" loc="40" ncloc="40" packages="1" files="2" classes="2"/>
    <file name="module.js" path="/Users/youenvalun/Documents/Ynov-ModuleTest/module.js">
      <metrics statements="5" coveredstatements="5" conditionals="2" coveredconditionals="2" methods="1" coveredmethods="1"/>
      <line num="9" count="20" type="cond" truecount="2" falsecount="0"/>
      <line num="10" count="3" type="stmt"/>
      <line num="13" count="17" type="stmt"/>
      <line num="14" count="3" type="stmt"/>
      <line num="15" count="3" type="stmt"/>
    </file>
    <file name="validator.js" path="/Users/youenvalun/Documents/Ynov-ModuleTest/validator.js">
      <metrics statements="35" coveredstatements="35" conditionals="44" coveredconditionals="44" methods="4" coveredmethods="4"/>
      <line num="12" count="2" type="stmt"/>
      <line num="14" count="2" type="cond" truecount="2" falsecount="0"/>
      <line num="15" count="1" type="stmt"/>
      <line num="18" count="1" type="stmt"/>
      <line num="29" count="9" type="cond" truecount="5" falsecount="0"/>
      <line num="30" count="3" type="stmt"/>
      <line num="32" count="6" type="cond" truecount="2" falsecount="0"/>
      <line num="33" count="1" type="stmt"/>
      <line num="35" count="5" type="cond" truecount="2" falsecount="0"/>
      <line num="36" count="4" type="stmt"/>
      <line num="38" count="1" type="stmt"/>
      <line num="50" count="10" type="cond" truecount="5" falsecount="0"/>
      <line num="51" count="3" type="stmt"/>
      <line num="53" count="7" type="cond" truecount="2" falsecount="0"/>
      <line num="54" count="2" type="stmt"/>
      <line num="57" count="5" type="stmt"/>
      <line num="58" count="5" type="cond" truecount="2" falsecount="0"/>
      <line num="59" count="4" type="stmt"/>
      <line num="61" count="1" type="stmt"/>
      <line num="75" count="16" type="cond" truecount="4" falsecount="0"/>
      <line num="76" count="2" type="stmt"/>
      <line num="78" count="14" type="cond" truecount="4" falsecount="0"/>
      <line num="79" count="4" type="stmt"/>
      <line num="82" count="10" type="stmt"/>
      <line num="84" count="10" type="cond" truecount="4" falsecount="0"/>
      <line num="85" count="4" type="stmt"/>
      <line num="87" count="6" type="cond" truecount="4" falsecount="0"/>
      <line num="88" count="2" type="stmt"/>
      <line num="91" count="4" type="cond" truecount="2" falsecount="0"/>
      <line num="92" count="4" type="cond" truecount="2" falsecount="0"/>
      <line num="93" count="1" type="stmt"/>
      <line num="95" count="3" type="stmt"/>
      <line num="97" count="3" type="cond" truecount="4" falsecount="0"/>
      <line num="98" count="2" type="stmt"/>
      <line num="101" count="1" type="stmt"/>
    </file>
  </project>
</coverage>
