{"/Users/youenvalun/Documents/Ynov-ModuleTest/module.js": {"path":"/Users/youenvalun/Documents/Ynov-ModuleTest/module.js","statementMap":{"0":{"start":{"line":9,"column":2},"end":{"line":11,"column":3}},"1":{"start":{"line":10,"column":4},"end":{"line":10,"column":43}},"2":{"start":{"line":13,"column":17},"end":{"line":13,"column":57}},"3":{"start":{"line":14,"column":12},"end":{"line":14,"column":54}},"4":{"start":{"line":15,"column":2},"end":{"line":15,"column":13}}},"fnMap":{"0":{"name":"calculateAge","decl":{"start":{"line":8,"column":16},"end":{"line":8,"column":28}},"loc":{"start":{"line":8,"column":32},"end":{"line":16,"column":1}},"line":8}},"branchMap":{"0":{"loc":{"start":{"line":9,"column":2},"end":{"line":11,"column":3}},"type":"if","locations":[{"start":{"line":9,"column":2},"end":{"line":11,"column":3}},{"start":{},"end":{}}],"line":9}},"s":{"0":20,"1":3,"2":17,"3":3,"4":3},"f":{"0":20},"b":{"0":[3,17]},"_coverageSchema":"1a1c01bbd47fc00a2c39e90264f33305004495a9","hash":"1b50678540ab0ae44f87d72a4840b966ceb40a18"}
,"/Users/youenvalun/Documents/Ynov-ModuleTest/validator.js": {"path":"/Users/youenvalun/Documents/Ynov-ModuleTest/validator.js","statementMap":{"0":{"start":{"line":12,"column":14},"end":{"line":12,"column":34}},"1":{"start":{"line":14,"column":2},"end":{"line":16,"column":3}},"2":{"start":{"line":15,"column":4},"end":{"line":15,"column":31}},"3":{"start":{"line":18,"column":2},"end":{"line":18,"column":13}},"4":{"start":{"line":29,"column":2},"end":{"line":31,"column":3}},"5":{"start":{"line":30,"column":4},"end":{"line":30,"column":36}},"6":{"start":{"line":32,"column":2},"end":{"line":34,"column":3}},"7":{"start":{"line":33,"column":4},"end":{"line":33,"column":43}},"8":{"start":{"line":35,"column":2},"end":{"line":37,"column":3}},"9":{"start":{"line":36,"column":4},"end":{"line":36,"column":45}},"10":{"start":{"line":38,"column":2},"end":{"line":38,"column":20}},"11":{"start":{"line":50,"column":2},"end":{"line":52,"column":3}},"12":{"start":{"line":51,"column":4},"end":{"line":51,"column":41}},"13":{"start":{"line":53,"column":2},"end":{"line":55,"column":3}},"14":{"start":{"line":54,"column":4},"end":{"line":54,"column":46}},"15":{"start":{"line":57,"column":13},"end":{"line":57,"column":41}},"16":{"start":{"line":58,"column":2},"end":{"line":60,"column":3}},"17":{"start":{"line":59,"column":4},"end":{"line":59,"column":44}},"18":{"start":{"line":61,"column":2},"end":{"line":61,"column":15}},"19":{"start":{"line":75,"column":2},"end":{"line":77,"column":3}},"20":{"start":{"line":76,"column":4},"end":{"line":76,"column":44}},"21":{"start":{"line":78,"column":2},"end":{"line":80,"column":3}},"22":{"start":{"line":79,"column":4},"end":{"line":79,"column":50}},"23":{"start":{"line":82,"column":34},"end":{"line":82,"column":42}},"24":{"start":{"line":84,"column":2},"end":{"line":86,"column":3}},"25":{"start":{"line":85,"column":4},"end":{"line":85,"column":59}},"26":{"start":{"line":87,"column":2},"end":{"line":89,"column":3}},"27":{"start":{"line":88,"column":4},"end":{"line":88,"column":58}},"28":{"start":{"line":91,"column":21},"end":{"line":91,"column":74}},"29":{"start":{"line":92,"column":2},"end":{"line":94,"column":3}},"30":{"start":{"line":93,"column":4},"end":{"line":93,"column":61}},"31":{"start":{"line":95,"column":17},"end":{"line":95,"column":67}},"32":{"start":{"line":97,"column":2},"end":{"line":99,"column":3}},"33":{"start":{"line":98,"column":4},"end":{"line":98,"column":47}},"34":{"start":{"line":101,"column":2},"end":{"line":101,"column":18}}},"fnMap":{"0":{"name":"validateAdult","decl":{"start":{"line":11,"column":16},"end":{"line":11,"column":29}},"loc":{"start":{"line":11,"column":38},"end":{"line":19,"column":1}},"line":11},"1":{"name":"validatePostalCode","decl":{"start":{"line":28,"column":16},"end":{"line":28,"column":34}},"loc":{"start":{"line":28,"column":47},"end":{"line":39,"column":1}},"line":28},"2":{"name":"validateEmail","decl":{"start":{"line":49,"column":16},"end":{"line":49,"column":29}},"loc":{"start":{"line":49,"column":37},"end":{"line":62,"column":1}},"line":49},"3":{"name":"validateIdentity","decl":{"start":{"line":74,"column":16},"end":{"line":74,"column":32}},"loc":{"start":{"line":74,"column":43},"end":{"line":102,"column":1}},"line":74}},"branchMap":{"0":{"loc":{"start":{"line":14,"column":2},"end":{"line":16,"column":3}},"type":"if","locations":[{"start":{"line":14,"column":2},"end":{"line":16,"column":3}},{"start":{},"end":{}}],"line":14},"1":{"loc":{"start":{"line":29,"column":2},"end":{"line":31,"column":3}},"type":"if","locations":[{"start":{"line":29,"column":2},"end":{"line":31,"column":3}},{"start":{},"end":{}}],"line":29},"2":{"loc":{"start":{"line":29,"column":6},"end":{"line":29,"column":74}},"type":"binary-expr","locations":[{"start":{"line":29,"column":6},"end":{"line":29,"column":25}},{"start":{"line":29,"column":29},"end":{"line":29,"column":53}},{"start":{"line":29,"column":57},"end":{"line":29,"column":74}}],"line":29},"3":{"loc":{"start":{"line":32,"column":2},"end":{"line":34,"column":3}},"type":"if","locations":[{"start":{"line":32,"column":2},"end":{"line":34,"column":3}},{"start":{},"end":{}}],"line":32},"4":{"loc":{"start":{"line":35,"column":2},"end":{"line":37,"column":3}},"type":"if","locations":[{"start":{"line":35,"column":2},"end":{"line":37,"column":3}},{"start":{},"end":{}}],"line":35},"5":{"loc":{"start":{"line":50,"column":2},"end":{"line":52,"column":3}},"type":"if","locations":[{"start":{"line":50,"column":2},"end":{"line":52,"column":3}},{"start":{},"end":{}}],"line":50},"6":{"loc":{"start":{"line":50,"column":6},"end":{"line":50,"column":59}},"type":"binary-expr","locations":[{"start":{"line":50,"column":6},"end":{"line":50,"column":20}},{"start":{"line":50,"column":24},"end":{"line":50,"column":43}},{"start":{"line":50,"column":47},"end":{"line":50,"column":59}}],"line":50},"7":{"loc":{"start":{"line":53,"column":2},"end":{"line":55,"column":3}},"type":"if","locations":[{"start":{"line":53,"column":2},"end":{"line":55,"column":3}},{"start":{},"end":{}}],"line":53},"8":{"loc":{"start":{"line":58,"column":2},"end":{"line":60,"column":3}},"type":"if","locations":[{"start":{"line":58,"column":2},"end":{"line":60,"column":3}},{"start":{},"end":{}}],"line":58},"9":{"loc":{"start":{"line":75,"column":2},"end":{"line":77,"column":3}},"type":"if","locations":[{"start":{"line":75,"column":2},"end":{"line":77,"column":3}},{"start":{},"end":{}}],"line":75},"10":{"loc":{"start":{"line":75,"column":6},"end":{"line":75,"column":49}},"type":"binary-expr","locations":[{"start":{"line":75,"column":6},"end":{"line":75,"column":23}},{"start":{"line":75,"column":27},"end":{"line":75,"column":49}}],"line":75},"11":{"loc":{"start":{"line":78,"column":2},"end":{"line":80,"column":3}},"type":"if","locations":[{"start":{"line":78,"column":2},"end":{"line":80,"column":3}},{"start":{},"end":{}}],"line":78},"12":{"loc":{"start":{"line":78,"column":6},"end":{"line":78,"column":61}},"type":"binary-expr","locations":[{"start":{"line":78,"column":6},"end":{"line":78,"column":34}},{"start":{"line":78,"column":38},"end":{"line":78,"column":61}}],"line":78},"13":{"loc":{"start":{"line":84,"column":2},"end":{"line":86,"column":3}},"type":"if","locations":[{"start":{"line":84,"column":2},"end":{"line":86,"column":3}},{"start":{},"end":{}}],"line":84},"14":{"loc":{"start":{"line":84,"column":6},"end":{"line":84,"column":29}},"type":"binary-expr","locations":[{"start":{"line":84,"column":6},"end":{"line":84,"column":16}},{"start":{"line":84,"column":20},"end":{"line":84,"column":29}}],"line":84},"15":{"loc":{"start":{"line":87,"column":2},"end":{"line":89,"column":3}},"type":"if","locations":[{"start":{"line":87,"column":2},"end":{"line":89,"column":3}},{"start":{},"end":{}}],"line":87},"16":{"loc":{"start":{"line":87,"column":6},"end":{"line":87,"column":67}},"type":"binary-expr","locations":[{"start":{"line":87,"column":6},"end":{"line":87,"column":35}},{"start":{"line":87,"column":39},"end":{"line":87,"column":67}}],"line":87},"17":{"loc":{"start":{"line":91,"column":21},"end":{"line":91,"column":74}},"type":"binary-expr","locations":[{"start":{"line":91,"column":21},"end":{"line":91,"column":46}},{"start":{"line":91,"column":50},"end":{"line":91,"column":74}}],"line":91},"18":{"loc":{"start":{"line":92,"column":2},"end":{"line":94,"column":3}},"type":"if","locations":[{"start":{"line":92,"column":2},"end":{"line":94,"column":3}},{"start":{},"end":{}}],"line":92},"19":{"loc":{"start":{"line":97,"column":2},"end":{"line":99,"column":3}},"type":"if","locations":[{"start":{"line":97,"column":2},"end":{"line":99,"column":3}},{"start":{},"end":{}}],"line":97},"20":{"loc":{"start":{"line":97,"column":6},"end":{"line":97,"column":55}},"type":"binary-expr","locations":[{"start":{"line":97,"column":6},"end":{"line":97,"column":29}},{"start":{"line":97,"column":33},"end":{"line":97,"column":55}}],"line":97}},"s":{"0":2,"1":2,"2":1,"3":1,"4":9,"5":3,"6":6,"7":1,"8":5,"9":4,"10":1,"11":10,"12":3,"13":7,"14":2,"15":5,"16":5,"17":4,"18":1,"19":16,"20":2,"21":14,"22":4,"23":10,"24":10,"25":4,"26":6,"27":2,"28":4,"29":4,"30":1,"31":3,"32":3,"33":2,"34":1},"f":{"0":2,"1":9,"2":10,"3":16},"b":{"0":[1,1],"1":[3,6],"2":[9,8,7],"3":[1,5],"4":[4,1],"5":[3,7],"6":[10,9,8],"7":[2,5],"8":[4,1],"9":[2,14],"10":[16,15],"11":[4,10],"12":[14,11],"13":[4,6],"14":[10,7],"15":[2,4],"16":[6,5],"17":[4,4],"18":[1,3],"19":[2,1],"20":[3,2]},"_coverageSchema":"1a1c01bbd47fc00a2c39e90264f33305004495a9","hash":"0efbb60de39b28025b83afbaaa7f85fe3ff225a2"}
}
