TN:
SF:module.js
FN:8,calculateAge
FNF:1
FNH:1
FNDA:20,calculateAge
DA:9,20
DA:10,3
DA:13,17
DA:14,3
DA:15,3
LF:5
LH:5
BRDA:9,0,0,3
BRDA:9,0,1,17
BRF:2
BRH:2
end_of_record
TN:
SF:validator.js
FN:11,validateAdult
FN:28,validatePostalCode
FN:49,validateEmail
FN:74,validateIdentity
FNF:4
FNH:4
FNDA:2,validateAdult
FNDA:9,validatePostalCode
FNDA:10,validateEmail
FNDA:16,validateIdentity
DA:12,2
DA:14,2
DA:15,1
DA:18,1
DA:29,9
DA:30,3
DA:32,6
DA:33,1
DA:35,5
DA:36,4
DA:38,1
DA:50,10
DA:51,3
DA:53,7
DA:54,2
DA:57,5
DA:58,5
DA:59,4
DA:61,1
DA:75,16
DA:76,2
DA:78,14
DA:79,4
DA:82,10
DA:84,10
DA:85,4
DA:87,6
DA:88,2
DA:91,4
DA:92,4
DA:93,1
DA:95,3
DA:97,3
DA:98,2
DA:101,1
LF:35
LH:35
BRDA:14,0,0,1
BRDA:14,0,1,1
BRDA:29,1,0,3
BRDA:29,1,1,6
BRDA:29,2,0,9
BRDA:29,2,1,8
BRDA:29,2,2,7
BRDA:32,3,0,1
BRDA:32,3,1,5
BRDA:35,4,0,4
BRDA:35,4,1,1
BRDA:50,5,0,3
BRDA:50,5,1,7
BRDA:50,6,0,10
BRDA:50,6,1,9
BRDA:50,6,2,8
BRDA:53,7,0,2
BRDA:53,7,1,5
BRDA:58,8,0,4
BRDA:58,8,1,1
BRDA:75,9,0,2
BRDA:75,9,1,14
BRDA:75,10,0,16
BRDA:75,10,1,15
BRDA:78,11,0,4
BRDA:78,11,1,10
BRDA:78,12,0,14
BRDA:78,12,1,11
BRDA:84,13,0,4
BRDA:84,13,1,6
BRDA:84,14,0,10
BRDA:84,14,1,7
BRDA:87,15,0,2
BRDA:87,15,1,4
BRDA:87,16,0,6
BRDA:87,16,1,5
BRDA:91,17,0,4
BRDA:91,17,1,4
BRDA:92,18,0,1
BRDA:92,18,1,3
BRDA:97,19,0,2
BRDA:97,19,1,1
BRDA:97,20,0,3
BRDA:97,20,1,2
BRF:44
BRH:44
end_of_record
